<?xml version="1.0" encoding="UTF-8"?>
<testsuite xmlns:xsi="http://www.w3.org/2001/XMLSchema-instance" xsi:noNamespaceSchemaLocation="https://maven.apache.org/surefire/maven-surefire-plugin/xsd/surefire-test-report-3.0.xsd" version="3.0" name="org.albertorado.apigeowork.ApiGeoWorkApplicationTests" time="19.797" tests="1" errors="0" skipped="0" failures="0">
  <properties>
[...]
</properties>
  <testcase name="contextLoads" classname="org.albertorado.apigeowork.ApiGeoWorkApplicationTests" time="0.311">
    <system-out><![CDATA[21:49:41.278 [main] INFO org.springframework.test.context.support.AnnotationConfigContextLoaderUtils -- Could not detect default configuration classes for test class [org.albertorado.apigeowork.ApiGeoWorkApplicationTests]: ApiGeoWorkApplicationTests does not declare any static, non-private, non-final, nested classes annotated with @Configuration.
21:49:41.354 [main] INFO org.springframework.boot.test.context.SpringBootTestContextBootstrapper -- Found @SpringBootConfiguration org.albertorado.apigeowork.ApiGeoWorkApplication for test class org.albertorado.apigeowork.ApiGeoWorkApplicationTests

  .   ____          _            __ _ _
 /\\ / ___'_ __ _ _(_)_ __  __ _ \ \ \ \
( ( )\___ | '_ | '_| | '_ \/ _` | \ \ \ \
 \\/  ___)| |_)| | | | | || (_| |  ) ) ) )
  '  |____| .__|_| |_|_| |_\__, | / / / /
 =========|_|==============|___/=/_/_/_/

 :: Spring Boot ::                (v3.3.4)

2024-11-06T21:49:41.623+01:00  INFO 74428 --- [APIGeoWork] [           main] o.a.a.ApiGeoWorkApplicationTests         : Starting ApiGeoWorkApplicationTests using Java 17.0.12 with PID 74428 (started by alberto.rado in C:\Users\alberto.rado\IdeaProjects\APIGeoWork)
2024-11-06T21:49:41.624+01:00  INFO 74428 --- [APIGeoWork] [           main] o.a.a.ApiGeoWorkApplicationTests         : No active profile set, falling back to 1 default profile: "default"
2024-11-06T21:49:41.624+01:00 DEBUG 74428 --- [APIGeoWork] [           main] o.s.boot.SpringApplication               : Loading source class org.albertorado.apigeowork.ApiGeoWorkApplication
2024-11-06T21:49:41.645+01:00 DEBUG 74428 --- [APIGeoWork] [           main] o.s.w.c.s.GenericWebApplicationContext   : Refreshing org.springframework.web.context.support.GenericWebApplicationContext@cc62a3b
2024-11-06T21:49:41.657+01:00 DEBUG 74428 --- [APIGeoWork] [           main] o.s.b.f.s.DefaultListableBeanFactory     : Creating shared instance of singleton bean 'org.springframework.context.annotation.internalConfigurationAnnotationProcessor'
2024-11-06T21:49:41.667+01:00 DEBUG 74428 --- [APIGeoWork] [           main] o.s.b.f.s.DefaultListableBeanFactory     : Creating shared instance of singleton bean 'org.springframework.boot.autoconfigure.internalCachingMetadataReaderFactory'
2024-11-06T21:49:41.701+01:00 DEBUG 74428 --- [APIGeoWork] [           main] o.s.c.a.ClassPathBeanDefinitionScanner   : Identified candidate component class: file [C:\Users\alberto.rado\IdeaProjects\APIGeoWork\target\classes\org\albertorado\apigeowork\configuracion\ConfiguracionSeguridad.class]
2024-11-06T21:49:41.712+01:00 DEBUG 74428 --- [APIGeoWork] [           main] o.s.c.a.ClassPathBeanDefinitionScanner   : Identified candidate component class: file [C:\Users\alberto.rado\IdeaProjects\APIGeoWork\target\classes\org\albertorado\apigeowork\controllers\AutenticacionController.class]
2024-11-06T21:49:41.719+01:00 DEBUG 74428 --- [APIGeoWork] [           main] o.s.c.a.ClassPathBeanDefinitionScanner   : Identified candidate component class: file [C:\Users\alberto.rado\IdeaProjects\APIGeoWork\target\classes\org\albertorado\apigeowork\controllers\CiudadController.class]
2024-11-06T21:49:41.728+01:00 DEBUG 74428 --- [APIGeoWork] [           main] o.s.c.a.ClassPathBeanDefinitionScanner   : Identified candidate component class: file [C:\Users\alberto.rado\IdeaProjects\APIGeoWork\target\classes\org\albertorado\apigeowork\controllers\DatosController.class]
2024-11-06T21:49:41.734+01:00 DEBUG 74428 --- [APIGeoWork] [           main] o.s.c.a.ClassPathBeanDefinitionScanner   : Identified candidate component class: file [C:\Users\alberto.rado\IdeaProjects\APIGeoWork\target\classes\org\albertorado\apigeowork\controllers\DatosEmpresaController.class]
2024-11-06T21:49:41.743+01:00 DEBUG 74428 --- [APIGeoWork] [           main] o.s.c.a.ClassPathBeanDefinitionScanner   : Identified candidate component class: file [C:\Users\alberto.rado\IdeaProjects\APIGeoWork\target\classes\org\albertorado\apigeowork\controllers\DescripcionExperienciaController.class]
2024-11-06T21:49:41.750+01:00 DEBUG 74428 --- [APIGeoWork] [           main] o.s.c.a.ClassPathBeanDefinitionScanner   : Identified candidate component class: file [C:\Users\alberto.rado\IdeaProjects\APIGeoWork\target\classes\org\albertorado\apigeowork\controllers\DireccionController.class]
2024-11-06T21:49:41.759+01:00 DEBUG 74428 --- [APIGeoWork] [           main] o.s.c.a.ClassPathBeanDefinitionScanner   : Identified candidate component class: file [C:\Users\alberto.rado\IdeaProjects\APIGeoWork\target\classes\org\albertorado\apigeowork\controllers\DocumentoController.class]
2024-11-06T21:49:41.768+01:00 DEBUG 74428 --- [APIGeoWork] [           main] o.s.c.a.ClassPathBeanDefinitionScanner   : Identified candidate component class: file [C:\Users\alberto.rado\IdeaProjects\APIGeoWork\target\classes\org\albertorado\apigeowork\controllers\EmpresaController.class]
2024-11-06T21:49:41.775+01:00 DEBUG 74428 --- [APIGeoWork] [           main] o.s.c.a.ClassPathBeanDefinitionScanner   : Identified candidate component class: file [C:\Users\alberto.rado\IdeaProjects\APIGeoWork\target\classes\org\albertorado\apigeowork\controllers\EstadoController.class]
2024-11-06T21:49:41.783+01:00 DEBUG 74428 --- [APIGeoWork] [           main] o.s.c.a.ClassPathBeanDefinitionScanner   : Identified candidate component class: file [C:\Users\alberto.rado\IdeaProjects\APIGeoWork\target\classes\org\albertorado\apigeowork\controllers\ExperienciaController.class]
2024-11-06T21:49:41.789+01:00 DEBUG 74428 --- [APIGeoWork] [           main] o.s.c.a.ClassPathBeanDefinitionScanner   : Identified candidate component class: file [C:\Users\alberto.rado\IdeaProjects\APIGeoWork\target\classes\org\albertorado\apigeowork\controllers\ExperienciaTotalController.class]
2024-11-06T21:49:41.796+01:00 DEBUG 74428 --- [APIGeoWork] [           main] o.s.c.a.ClassPathBeanDefinitionScanner   : Identified candidate component class: file [C:\Users\alberto.rado\IdeaProjects\APIGeoWork\target\classes\org\albertorado\apigeowork\controllers\FotoController.class]
2024-11-06T21:49:41.802+01:00 DEBUG 74428 --- [APIGeoWork] [           main] o.s.c.a.ClassPathBeanDefinitionScanner   : Identified candidate component class: file [C:\Users\alberto.rado\IdeaProjects\APIGeoWork\target\classes\org\albertorado\apigeowork\controllers\HorarioEntrevistaController.class]
2024-11-06T21:49:41.808+01:00 DEBUG 74428 --- [APIGeoWork] [           main] o.s.c.a.ClassPathBeanDefinitionScanner   : Identified candidate component class: file [C:\Users\alberto.rado\IdeaProjects\APIGeoWork\target\classes\org\albertorado\apigeowork\controllers\NivelController.class]
2024-11-06T21:49:41.815+01:00 DEBUG 74428 --- [APIGeoWork] [           main] o.s.c.a.ClassPathBeanDefinitionScanner   : Identified candidate component class: file [C:\Users\alberto.rado\IdeaProjects\APIGeoWork\target\classes\org\albertorado\apigeowork\controllers\NivelEducativoController.class]
2024-11-06T21:49:41.821+01:00 DEBUG 74428 --- [APIGeoWork] [           main] o.s.c.a.ClassPathBeanDefinitionScanner   : Identified candidate component class: file [C:\Users\alberto.rado\IdeaProjects\APIGeoWork\target\classes\org\albertorado\apigeowork\controllers\OfertaEmpleoController.class]
2024-11-06T21:49:41.827+01:00 DEBUG 74428 --- [APIGeoWork] [           main] o.s.c.a.ClassPathBeanDefinitionScanner   : Identified candidate component class: file [C:\Users\alberto.rado\IdeaProjects\APIGeoWork\target\classes\org\albertorado\apigeowork\controllers\PaisController.class]
2024-11-06T21:49:41.833+01:00 DEBUG 74428 --- [APIGeoWork] [           main] o.s.c.a.ClassPathBeanDefinitionScanner   : Identified candidate component class: file [C:\Users\alberto.rado\IdeaProjects\APIGeoWork\target\classes\org\albertorado\apigeowork\controllers\PerfilEmpresaController.class]
2024-11-06T21:49:41.839+01:00 DEBUG 74428 --- [APIGeoWork] [           main] o.s.c.a.ClassPathBeanDefinitionScanner   : Identified candidate component class: file [C:\Users\alberto.rado\IdeaProjects\APIGeoWork\target\classes\org\albertorado\apigeowork\controllers\PerfilUsuarioController.class]
2024-11-06T21:49:41.846+01:00 DEBUG 74428 --- [APIGeoWork] [           main] o.s.c.a.ClassPathBeanDefinitionScanner   : Identified candidate component class: file [C:\Users\alberto.rado\IdeaProjects\APIGeoWork\target\classes\org\albertorado\apigeowork\controllers\SectorController.class]
2024-11-06T21:49:41.854+01:00 DEBUG 74428 --- [APIGeoWork] [           main] o.s.c.a.ClassPathBeanDefinitionScanner   : Identified candidate component class: file [C:\Users\alberto.rado\IdeaProjects\APIGeoWork\target\classes\org\albertorado\apigeowork\controllers\TrabajadorController.class]
2024-11-06T21:49:42.129+01:00 DEBUG 74428 --- [APIGeoWork] [           main] o.s.c.a.ClassPathBeanDefinitionScanner   : Identified candidate component class: file [C:\Users\alberto.rado\IdeaProjects\APIGeoWork\target\classes\org\albertorado\apigeowork\mapper\CiudadMapperImpl.class]
2024-11-06T21:49:42.142+01:00 DEBUG 74428 --- [APIGeoWork] [           main] o.s.c.a.ClassPathBeanDefinitionScanner   : Identified candidate component class: file [C:\Users\alberto.rado\IdeaProjects\APIGeoWork\target\classes\org\albertorado\apigeowork\mapper\DatosEmpresaMapperImpl.class]
2024-11-06T21:49:42.155+01:00 DEBUG 74428 --- [APIGeoWork] [           main] o.s.c.a.ClassPathBeanDefinitionScanner   : Identified candidate component class: file [C:\Users\alberto.rado\IdeaProjects\APIGeoWork\target\classes\org\albertorado\apigeowork\mapper\DatosMapperImpl.class]
2024-11-06T21:49:42.167+01:00 DEBUG 74428 --- [APIGeoWork] [           main] o.s.c.a.ClassPathBeanDefinitionScanner   : Identified candidate component class: file [C:\Users\alberto.rado\IdeaProjects\APIGeoWork\target\classes\org\albertorado\apigeowork\mapper\DescripcionExperienciaMapperImpl.class]
2024-11-06T21:49:42.186+01:00 DEBUG 74428 --- [APIGeoWork] [           main] o.s.c.a.ClassPathBeanDefinitionScanner   : Identified candidate component class: file [C:\Users\alberto.rado\IdeaProjects\APIGeoWork\target\classes\org\albertorado\apigeowork\mapper\DireccionMapperImpl.class]
2024-11-06T21:49:42.201+01:00 DEBUG 74428 --- [APIGeoWork] [           main] o.s.c.a.ClassPathBeanDefinitionScanner   : Identified candidate component class: file [C:\Users\alberto.rado\IdeaProjects\APIGeoWork\target\classes\org\albertorado\apigeowork\mapper\DocumentoMapperImpl.class]
2024-11-06T21:49:42.216+01:00 DEBUG 74428 --- [APIGeoWork] [           main] o.s.c.a.ClassPathBeanDefinitionScanner   : Identified candidate component class: file [C:\Users\alberto.rado\IdeaProjects\APIGeoWork\target\classes\org\albertorado\apigeowork\mapper\EmpresaMapperImpl.class]
2024-11-06T21:49:42.232+01:00 DEBUG 74428 --- [APIGeoWork] [           main] o.s.c.a.ClassPathBeanDefinitionScanner   : Identified candidate component class: file [C:\Users\alberto.rado\IdeaProjects\APIGeoWork\target\classes\org\albertorado\apigeowork\mapper\EstadoMapperImpl.class]
2024-11-06T21:49:42.245+01:00 DEBUG 74428 --- [APIGeoWork] [           main] o.s.c.a.ClassPathBeanDefinitionScanner   : Identified candidate component class: file [C:\Users\alberto.rado\IdeaProjects\APIGeoWork\target\classes\org\albertorado\apigeowork\mapper\ExperienciaMapperImpl.class]
2024-11-06T21:49:42.260+01:00 DEBUG 74428 --- [APIGeoWork] [           main] o.s.c.a.ClassPathBeanDefinitionScanner   : Identified candidate component class: file [C:\Users\alberto.rado\IdeaProjects\APIGeoWork\target\classes\org\albertorado\apigeowork\mapper\ExperienciaTotalMapperImpl.class]
2024-11-06T21:49:42.276+01:00 DEBUG 74428 --- [APIGeoWork] [           main] o.s.c.a.ClassPathBeanDefinitionScanner   : Identified candidate component class: file [C:\Users\alberto.rado\IdeaProjects\APIGeoWork\target\classes\org\albertorado\apigeowork\mapper\FotoMapperImpl.class]
2024-11-06T21:49:42.287+01:00 DEBUG 74428 --- [APIGeoWork] [           main] o.s.c.a.ClassPathBeanDefinitionScanner   : Identified candidate component class: file [C:\Users\alberto.rado\IdeaProjects\APIGeoWork\target\classes\org\albertorado\apigeowork\mapper\HorarioEntrevistaMapperImpl.class]
2024-11-06T21:49:42.300+01:00 DEBUG 74428 --- [APIGeoWork] [           main] o.s.c.a.ClassPathBeanDefinitionScanner   : Identified candidate component class: file [C:\Users\alberto.rado\IdeaProjects\APIGeoWork\target\classes\org\albertorado\apigeowork\mapper\NivelEducativoMapperImpl.class]
2024-11-06T21:49:42.312+01:00 DEBUG 74428 --- [APIGeoWork] [           main] o.s.c.a.ClassPathBeanDefinitionScanner   : Identified candidate component class: file [C:\Users\alberto.rado\IdeaProjects\APIGeoWork\target\classes\org\albertorado\apigeowork\mapper\NivelMapperImpl.class]
2024-11-06T21:49:42.323+01:00 DEBUG 74428 --- [APIGeoWork] [           main] o.s.c.a.ClassPathBeanDefinitionScanner   : Identified candidate component class: file [C:\Users\alberto.rado\IdeaProjects\APIGeoWork\target\classes\org\albertorado\apigeowork\mapper\OfertaEmpleoMapperImpl.class]
2024-11-06T21:49:42.335+01:00 DEBUG 74428 --- [APIGeoWork] [           main] o.s.c.a.ClassPathBeanDefinitionScanner   : Identified candidate component class: file [C:\Users\alberto.rado\IdeaProjects\APIGeoWork\target\classes\org\albertorado\apigeowork\mapper\PaisMapperImpl.class]
2024-11-06T21:49:42.347+01:00 DEBUG 74428 --- [APIGeoWork] [           main] o.s.c.a.ClassPathBeanDefinitionScanner   : Identified candidate component class: file [C:\Users\alberto.rado\IdeaProjects\APIGeoWork\target\classes\org\albertorado\apigeowork\mapper\PerfilEmpresaMapperImpl.class]
2024-11-06T21:49:42.359+01:00 DEBUG 74428 --- [APIGeoWork] [           main] o.s.c.a.ClassPathBeanDefinitionScanner   : Identified candidate component class: file [C:\Users\alberto.rado\IdeaProjects\APIGeoWork\target\classes\org\albertorado\apigeowork\mapper\PerfilUsuarioMapperImpl.class]
2024-11-06T21:49:42.370+01:00 DEBUG 74428 --- [APIGeoWork] [           main] o.s.c.a.ClassPathBeanDefinitionScanner   : Identified candidate component class: file [C:\Users\alberto.rado\IdeaProjects\APIGeoWork\target\classes\org\albertorado\apigeowork\mapper\PerfilUsuarioPMapperImpl.class]
2024-11-06T21:49:42.381+01:00 DEBUG 74428 --- [APIGeoWork] [           main] o.s.c.a.ClassPathBeanDefinitionScanner   : Identified candidate component class: file [C:\Users\alberto.rado\IdeaProjects\APIGeoWork\target\classes\org\albertorado\apigeowork\mapper\SectorMapperImpl.class]
2024-11-06T21:49:42.391+01:00 DEBUG 74428 --- [APIGeoWork] [           main] o.s.c.a.ClassPathBeanDefinitionScanner   : Identified candidate component class: file [C:\Users\alberto.rado\IdeaProjects\APIGeoWork\target\classes\org\albertorado\apigeowork\mapper\TrabajadorMapperImpl.class]
2024-11-06T21:49:42.517+01:00 DEBUG 74428 --- [APIGeoWork] [           main] o.s.c.a.ClassPathBeanDefinitionScanner   : Identified candidate component class: file [C:\Users\alberto.rado\IdeaProjects\APIGeoWork\target\classes\org\albertorado\apigeowork\services\AutenticacionService.class]
2024-11-06T21:49:42.522+01:00 DEBUG 74428 --- [APIGeoWork] [           main] o.s.c.a.ClassPathBeanDefinitionScanner   : Identified candidate component class: file [C:\Users\alberto.rado\IdeaProjects\APIGeoWork\target\classes\org\albertorado\apigeowork\services\CiudadService.class]
2024-11-06T21:49:42.528+01:00 DEBUG 74428 --- [APIGeoWork] [           main] o.s.c.a.ClassPathBeanDefinitionScanner   : Identified candidate component class: file [C:\Users\alberto.rado\IdeaProjects\APIGeoWork\target\classes\org\albertorado\apigeowork\services\DatosEmpresaService.class]
2024-11-06T21:49:42.533+01:00 DEBUG 74428 --- [APIGeoWork] [           main] o.s.c.a.ClassPathBeanDefinitionScanner   : Identified candidate component class: file [C:\Users\alberto.rado\IdeaProjects\APIGeoWork\target\classes\org\albertorado\apigeowork\services\DatosService.class]
2024-11-06T21:49:42.538+01:00 DEBUG 74428 --- [APIGeoWork] [           main] o.s.c.a.ClassPathBeanDefinitionScanner   : Identified candidate component class: file [C:\Users\alberto.rado\IdeaProjects\APIGeoWork\target\classes\org\albertorado\apigeowork\services\DescripcionExperienciaSerice.class]
2024-11-06T21:49:42.543+01:00 DEBUG 74428 --- [APIGeoWork] [           main] o.s.c.a.ClassPathBeanDefinitionScanner   : Identified candidate component class: file [C:\Users\alberto.rado\IdeaProjects\APIGeoWork\target\classes\org\albertorado\apigeowork\services\DireccionService.class]
2024-11-06T21:49:42.549+01:00 DEBUG 74428 --- [APIGeoWork] [           main] o.s.c.a.ClassPathBeanDefinitionScanner   : Identified candidate component class: file [C:\Users\alberto.rado\IdeaProjects\APIGeoWork\target\classes\org\albertorado\apigeowork\services\DocumentoService.class]
2024-11-06T21:49:42.554+01:00 DEBUG 74428 --- [APIGeoWork] [           main] o.s.c.a.ClassPathBeanDefinitionScanner   : Identified candidate component class: file [C:\Users\alberto.rado\IdeaProjects\APIGeoWork\target\classes\org\albertorado\apigeowork\services\EmpresaService.class]
2024-11-06T21:49:42.560+01:00 DEBUG 74428 --- [APIGeoWork] [           main] o.s.c.a.ClassPathBeanDefinitionScanner   : Identified candidate component class: file [C:\Users\alberto.rado\IdeaProjects\APIGeoWork\target\classes\org\albertorado\apigeowork\services\EstadoService.class]
2024-11-06T21:49:42.567+01:00 DEBUG 74428 --- [APIGeoWork] [           main] o.s.c.a.ClassPathBeanDefinitionScanner   : Identified candidate component class: file [C:\Users\alberto.rado\IdeaProjects\APIGeoWork\target\classes\org\albertorado\apigeowork\services\ExperienciaService.class]
2024-11-06T21:49:42.574+01:00 DEBUG 74428 --- [APIGeoWork] [           main] o.s.c.a.ClassPathBeanDefinitionScanner   : Identified candidate component class: file [C:\Users\alberto.rado\IdeaProjects\APIGeoWork\target\classes\org\albertorado\apigeowork\services\ExperienciaTotalService.class]
2024-11-06T21:49:42.579+01:00 DEBUG 74428 --- [APIGeoWork] [           main] o.s.c.a.ClassPathBeanDefinitionScanner   : Identified candidate component class: file [C:\Users\alberto.rado\IdeaProjects\APIGeoWork\target\classes\org\albertorado\apigeowork\services\FotoService.class]
2024-11-06T21:49:42.585+01:00 DEBUG 74428 --- [APIGeoWork] [           main] o.s.c.a.ClassPathBeanDefinitionScanner   : Identified candidate component class: file [C:\Users\alberto.rado\IdeaProjects\APIGeoWork\target\classes\org\albertorado\apigeowork\services\HorarioEntrevistaService.class]
2024-11-06T21:49:42.590+01:00 DEBUG 74428 --- [APIGeoWork] [           main] o.s.c.a.ClassPathBeanDefinitionScanner   : Identified candidate component class: file [C:\Users\alberto.rado\IdeaProjects\APIGeoWork\target\classes\org\albertorado\apigeowork\services\NivelEducativoService.class]
2024-11-06T21:49:42.596+01:00 DEBUG 74428 --- [APIGeoWork] [           main] o.s.c.a.ClassPathBeanDefinitionScanner   : Identified candidate component class: file [C:\Users\alberto.rado\IdeaProjects\APIGeoWork\target\classes\org\albertorado\apigeowork\services\NivelService.class]
2024-11-06T21:49:42.601+01:00 DEBUG 74428 --- [APIGeoWork] [           main] o.s.c.a.ClassPathBeanDefinitionScanner   : Identified candidate component class: file [C:\Users\alberto.rado\IdeaProjects\APIGeoWork\target\classes\org\albertorado\apigeowork\services\OfertaEmpleoService.class]
2024-11-06T21:49:42.606+01:00 DEBUG 74428 --- [APIGeoWork] [           main] o.s.c.a.ClassPathBeanDefinitionScanner   : Identified candidate component class: file [C:\Users\alberto.rado\IdeaProjects\APIGeoWork\target\classes\org\albertorado\apigeowork\services\PaisService.class]
2024-11-06T21:49:42.612+01:00 DEBUG 74428 --- [APIGeoWork] [           main] o.s.c.a.ClassPathBeanDefinitionScanner   : Identified candidate component class: file [C:\Users\alberto.rado\IdeaProjects\APIGeoWork\target\classes\org\albertorado\apigeowork\services\PerfilEmpresaService.class]
2024-11-06T21:49:42.617+01:00 DEBUG 74428 --- [APIGeoWork] [           main] o.s.c.a.ClassPathBeanDefinitionScanner   : Identified candidate component class: file [C:\Users\alberto.rado\IdeaProjects\APIGeoWork\target\classes\org\albertorado\apigeowork\services\PerfilUsuarioService.class]
2024-11-06T21:49:42.622+01:00 DEBUG 74428 --- [APIGeoWork] [           main] o.s.c.a.ClassPathBeanDefinitionScanner   : Identified candidate component class: file [C:\Users\alberto.rado\IdeaProjects\APIGeoWork\target\classes\org\albertorado\apigeowork\services\SectorService.class]
2024-11-06T21:49:42.628+01:00 DEBUG 74428 --- [APIGeoWork] [           main] o.s.c.a.ClassPathBeanDefinitionScanner   : Identified candidate component class: file [C:\Users\alberto.rado\IdeaProjects\APIGeoWork\target\classes\org\albertorado\apigeowork\services\TrabajadorService.class]
2024-11-06T21:49:43.051+01:00  INFO 74428 --- [APIGeoWork] [           main] .s.d.r.c.RepositoryConfigurationDelegate : Bootstrapping Spring Data JPA repositories in DEFAULT mode.
2024-11-06T21:49:43.055+01:00 DEBUG 74428 --- [APIGeoWork] [           main] o.s.b.f.s.DefaultListableBeanFactory     : Creating shared instance of singleton bean 'org.springframework.boot.autoconfigure.AutoConfigurationPackages'
2024-11-06T21:49:43.060+01:00 DEBUG 74428 --- [APIGeoWork] [           main] o.s.b.a.AutoConfigurationPackages        : @EnableAutoConfiguration was declared on a class in the package 'org.albertorado.apigeowork'. Automatic @Repository and @Entity scanning is enabled.
2024-11-06T21:49:43.061+01:00 DEBUG 74428 --- [APIGeoWork] [           main] .s.d.r.c.RepositoryConfigurationDelegate : Scanning for JPA repositories in packages org.albertorado.apigeowork.
2024-11-06T21:49:43.075+01:00 DEBUG 74428 --- [APIGeoWork] [           main] o.s.d.r.c.RepositoryComponentProvider    : Identified candidate component class: file [C:\Users\alberto.rado\IdeaProjects\APIGeoWork\target\classes\org\albertorado\apigeowork\repositories\AutenticacionRepository.class]
2024-11-06T21:49:43.075+01:00 DEBUG 74428 --- [APIGeoWork] [           main] o.s.d.r.c.RepositoryComponentProvider    : Identified candidate component class: file [C:\Users\alberto.rado\IdeaProjects\APIGeoWork\target\classes\org\albertorado\apigeowork\repositories\CiudadRepository.class]
2024-11-06T21:49:43.076+01:00 DEBUG 74428 --- [APIGeoWork] [           main] o.s.d.r.c.RepositoryComponentProvider    : Identified candidate component class: file [C:\Users\alberto.rado\IdeaProjects\APIGeoWork\target\classes\org\albertorado\apigeowork\repositories\DatosEmpresaRepository.class]
2024-11-06T21:49:43.076+01:00 DEBUG 74428 --- [APIGeoWork] [           main] o.s.d.r.c.RepositoryComponentProvider    : Identified candidate component class: file [C:\Users\alberto.rado\IdeaProjects\APIGeoWork\target\classes\org\albertorado\apigeowork\repositories\DatosRepository.class]
2024-11-06T21:49:43.076+01:00 DEBUG 74428 --- [APIGeoWork] [           main] o.s.d.r.c.RepositoryComponentProvider    : Identified candidate component class: file [C:\Users\alberto.rado\IdeaProjects\APIGeoWork\target\classes\org\albertorado\apigeowork\repositories\DescripcionExperienciaRepository.class]
2024-11-06T21:49:43.076+01:00 DEBUG 74428 --- [APIGeoWork] [           main] o.s.d.r.c.RepositoryComponentProvider    : Identified candidate component class: file [C:\Users\alberto.rado\IdeaProjects\APIGeoWork\target\classes\org\albertorado\apigeowork\repositories\DireccionReposirory.class]
2024-11-06T21:49:43.076+01:00 DEBUG 74428 --- [APIGeoWork] [           main] o.s.d.r.c.RepositoryComponentProvider    : Identified candidate component class: file [C:\Users\alberto.rado\IdeaProjects\APIGeoWork\target\classes\org\albertorado\apigeowork\repositories\DocumentoRepository.class]
2024-11-06T21:49:43.076+01:00 DEBUG 74428 --- [APIGeoWork] [           main] o.s.d.r.c.RepositoryComponentProvider    : Identified candidate component class: file [C:\Users\alberto.rado\IdeaProjects\APIGeoWork\target\classes\org\albertorado\apigeowork\repositories\EmpresaRepository.class]
2024-11-06T21:49:43.076+01:00 DEBUG 74428 --- [APIGeoWork] [           main] o.s.d.r.c.RepositoryComponentProvider    : Identified candidate component class: file [C:\Users\alberto.rado\IdeaProjects\APIGeoWork\target\classes\org\albertorado\apigeowork\repositories\EstadoRepository.class]
2024-11-06T21:49:43.076+01:00 DEBUG 74428 --- [APIGeoWork] [           main] o.s.d.r.c.RepositoryComponentProvider    : Identified candidate component class: file [C:\Users\alberto.rado\IdeaProjects\APIGeoWork\target\classes\org\albertorado\apigeowork\repositories\ExperienciaRepository.class]
2024-11-06T21:49:43.076+01:00 DEBUG 74428 --- [APIGeoWork] [           main] o.s.d.r.c.RepositoryComponentProvider    : Identified candidate component class: file [C:\Users\alberto.rado\IdeaProjects\APIGeoWork\target\classes\org\albertorado\apigeowork\repositories\ExperienciaTotalRepository.class]
2024-11-06T21:49:43.076+01:00 DEBUG 74428 --- [APIGeoWork] [           main] o.s.d.r.c.RepositoryComponentProvider    : Identified candidate component class: file [C:\Users\alberto.rado\IdeaProjects\APIGeoWork\target\classes\org\albertorado\apigeowork\repositories\FotoRepository.class]
2024-11-06T21:49:43.076+01:00 DEBUG 74428 --- [APIGeoWork] [           main] o.s.d.r.c.RepositoryComponentProvider    : Identified candidate component class: file [C:\Users\alberto.rado\IdeaProjects\APIGeoWork\target\classes\org\albertorado\apigeowork\repositories\HorarioEntrevistaRepository.class]
2024-11-06T21:49:43.076+01:00 DEBUG 74428 --- [APIGeoWork] [           main] o.s.d.r.c.RepositoryComponentProvider    : Identified candidate component class: file [C:\Users\alberto.rado\IdeaProjects\APIGeoWork\target\classes\org\albertorado\apigeowork\repositories\NivelEducativoRepository.class]
2024-11-06T21:49:43.076+01:00 DEBUG 74428 --- [APIGeoWork] [           main] o.s.d.r.c.RepositoryComponentProvider    : Identified candidate component class: file [C:\Users\alberto.rado\IdeaProjects\APIGeoWork\target\classes\org\albertorado\apigeowork\repositories\NivelRepository.class]
2024-11-06T21:49:43.076+01:00 DEBUG 74428 --- [APIGeoWork] [           main] o.s.d.r.c.RepositoryComponentProvider    : Identified candidate component class: file [C:\Users\alberto.rado\IdeaProjects\APIGeoWork\target\classes\org\albertorado\apigeowork\repositories\OfertaEmpleoRepository.class]
2024-11-06T21:49:43.076+01:00 DEBUG 74428 --- [APIGeoWork] [           main] o.s.d.r.c.RepositoryComponentProvider    : Identified candidate component class: file [C:\Users\alberto.rado\IdeaProjects\APIGeoWork\target\classes\org\albertorado\apigeowork\repositories\PaisRepository.class]
2024-11-06T21:49:43.076+01:00 DEBUG 74428 --- [APIGeoWork] [           main] o.s.d.r.c.RepositoryComponentProvider    : Identified candidate component class: file [C:\Users\alberto.rado\IdeaProjects\APIGeoWork\target\classes\org\albertorado\apigeowork\repositories\PerfilEmpresaRepository.class]
2024-11-06T21:49:43.076+01:00 DEBUG 74428 --- [APIGeoWork] [           main] o.s.d.r.c.RepositoryComponentProvider    : Identified candidate component class: file [C:\Users\alberto.rado\IdeaProjects\APIGeoWork\target\classes\org\albertorado\apigeowork\repositories\PerfilUsuarioRepository.class]
2024-11-06T21:49:43.076+01:00 DEBUG 74428 --- [APIGeoWork] [           main] o.s.d.r.c.RepositoryComponentProvider    : Identified candidate component class: file [C:\Users\alberto.rado\IdeaProjects\APIGeoWork\target\classes\org\albertorado\apigeowork\repositories\SectorRepository.class]
2024-11-06T21:49:43.077+01:00 DEBUG 74428 --- [APIGeoWork] [           main] o.s.d.r.c.RepositoryComponentProvider    : Identified candidate component class: file [C:\Users\alberto.rado\IdeaProjects\APIGeoWork\target\classes\org\albertorado\apigeowork\repositories\TrabajadorRepository.class]
2024-11-06T21:49:43.109+01:00 DEBUG 74428 --- [APIGeoWork] [           main] ssPathScanningCandidateComponentProvider : Identified candidate component class: file [C:\Users\alberto.rado\IdeaProjects\APIGeoWork\target\classes\org\albertorado\apigeowork\mapper\CiudadMapperImpl.class]
2024-11-06T21:49:43.110+01:00 DEBUG 74428 --- [APIGeoWork] [           main] ssPathScanningCandidateComponentProvider : Identified candidate component class: file [C:\Users\alberto.rado\IdeaProjects\APIGeoWork\target\classes\org\albertorado\apigeowork\mapper\DatosEmpresaMapperImpl.class]
2024-11-06T21:49:43.110+01:00 DEBUG 74428 --- [APIGeoWork] [           main] ssPathScanningCandidateComponentProvider : Identified candidate component class: file [C:\Users\alberto.rado\IdeaProjects\APIGeoWork\target\classes\org\albertorado\apigeowork\mapper\DatosMapperImpl.class]
2024-11-06T21:49:43.110+01:00 DEBUG 74428 --- [APIGeoWork] [           main] ssPathScanningCandidateComponentProvider : Identified candidate component class: file [C:\Users\alberto.rado\IdeaProjects\APIGeoWork\target\classes\org\albertorado\apigeowork\mapper\DescripcionExperienciaMapperImpl.class]
2024-11-06T21:49:43.110+01:00 DEBUG 74428 --- [APIGeoWork] [           main] ssPathScanningCandidateComponentProvider : Identified candidate component class: file [C:\Users\alberto.rado\IdeaProjects\APIGeoWork\target\classes\org\albertorado\apigeowork\mapper\DireccionMapperImpl.class]
2024-11-06T21:49:43.110+01:00 DEBUG 74428 --- [APIGeoWork] [           main] ssPathScanningCandidateComponentProvider : Identified candidate component class: file [C:\Users\alberto.rado\IdeaProjects\APIGeoWork\target\classes\org\albertorado\apigeowork\mapper\DocumentoMapperImpl.class]
2024-11-06T21:49:43.110+01:00 DEBUG 74428 --- [APIGeoWork] [           main] ssPathScanningCandidateComponentProvider : Identified candidate component class: file [C:\Users\alberto.rado\IdeaProjects\APIGeoWork\target\classes\org\albertorado\apigeowork\mapper\EmpresaMapperImpl.class]
2024-11-06T21:49:43.110+01:00 DEBUG 74428 --- [APIGeoWork] [           main] ssPathScanningCandidateComponentProvider : Identified candidate component class: file [C:\Users\alberto.rado\IdeaProjects\APIGeoWork\target\classes\org\albertorado\apigeowork\mapper\EstadoMapperImpl.class]
2024-11-06T21:49:43.110+01:00 DEBUG 74428 --- [APIGeoWork] [           main] ssPathScanningCandidateComponentProvider : Identified candidate component class: file [C:\Users\alberto.rado\IdeaProjects\APIGeoWork\target\classes\org\albertorado\apigeowork\mapper\ExperienciaMapperImpl.class]
2024-11-06T21:49:43.110+01:00 DEBUG 74428 --- [APIGeoWork] [           main] ssPathScanningCandidateComponentProvider : Identified candidate component class: file [C:\Users\alberto.rado\IdeaProjects\APIGeoWork\target\classes\org\albertorado\apigeowork\mapper\ExperienciaTotalMapperImpl.class]
2024-11-06T21:49:43.110+01:00 DEBUG 74428 --- [APIGeoWork] [           main] ssPathScanningCandidateComponentProvider : Identified candidate component class: file [C:\Users\alberto.rado\IdeaProjects\APIGeoWork\target\classes\org\albertorado\apigeowork\mapper\FotoMapperImpl.class]
2024-11-06T21:49:43.110+01:00 DEBUG 74428 --- [APIGeoWork] [           main] ssPathScanningCandidateComponentProvider : Identified candidate component class: file [C:\Users\alberto.rado\IdeaProjects\APIGeoWork\target\classes\org\albertorado\apigeowork\mapper\HorarioEntrevistaMapperImpl.class]
2024-11-06T21:49:43.110+01:00 DEBUG 74428 --- [APIGeoWork] [           main] ssPathScanningCandidateComponentProvider : Identified candidate component class: file [C:\Users\alberto.rado\IdeaProjects\APIGeoWork\target\classes\org\albertorado\apigeowork\mapper\NivelEducativoMapperImpl.class]
2024-11-06T21:49:43.110+01:00 DEBUG 74428 --- [APIGeoWork] [           main] ssPathScanningCandidateComponentProvider : Identified candidate component class: file [C:\Users\alberto.rado\IdeaProjects\APIGeoWork\target\classes\org\albertorado\apigeowork\mapper\NivelMapperImpl.class]
2024-11-06T21:49:43.110+01:00 DEBUG 74428 --- [APIGeoWork] [           main] ssPathScanningCandidateComponentProvider : Identified candidate component class: file [C:\Users\alberto.rado\IdeaProjects\APIGeoWork\target\classes\org\albertorado\apigeowork\mapper\OfertaEmpleoMapperImpl.class]
2024-11-06T21:49:43.110+01:00 DEBUG 74428 --- [APIGeoWork] [           main] ssPathScanningCandidateComponentProvider : Identified candidate component class: file [C:\Users\alberto.rado\IdeaProjects\APIGeoWork\target\classes\org\albertorado\apigeowork\mapper\PaisMapperImpl.class]
2024-11-06T21:49:43.110+01:00 DEBUG 74428 --- [APIGeoWork] [           main] ssPathScanningCandidateComponentProvider : Identified candidate component class: file [C:\Users\alberto.rado\IdeaProjects\APIGeoWork\target\classes\org\albertorado\apigeowork\mapper\PerfilEmpresaMapperImpl.class]
2024-11-06T21:49:43.110+01:00 DEBUG 74428 --- [APIGeoWork] [           main] ssPathScanningCandidateComponentProvider : Identified candidate component class: file [C:\Users\alberto.rado\IdeaProjects\APIGeoWork\target\classes\org\albertorado\apigeowork\mapper\PerfilUsuarioMapperImpl.class]
2024-11-06T21:49:43.110+01:00 DEBUG 74428 --- [APIGeoWork] [           main] ssPathScanningCandidateComponentProvider : Identified candidate component class: file [C:\Users\alberto.rado\IdeaProjects\APIGeoWork\target\classes\org\albertorado\apigeowork\mapper\PerfilUsuarioPMapperImpl.class]
2024-11-06T21:49:43.110+01:00 DEBUG 74428 --- [APIGeoWork] [           main] ssPathScanningCandidateComponentProvider : Identified candidate component class: file [C:\Users\alberto.rado\IdeaProjects\APIGeoWork\target\classes\org\albertorado\apigeowork\mapper\SectorMapperImpl.class]
2024-11-06T21:49:43.110+01:00 DEBUG 74428 --- [APIGeoWork] [           main] ssPathScanningCandidateComponentProvider : Identified candidate component class: file [C:\Users\alberto.rado\IdeaProjects\APIGeoWork\target\classes\org\albertorado\apigeowork\mapper\TrabajadorMapperImpl.class]
2024-11-06T21:49:43.137+01:00  INFO 74428 --- [APIGeoWork] [           main] .s.d.r.c.RepositoryConfigurationDelegate : Finished Spring Data repository scanning in 74 ms. Found 21 JPA repository interfaces.
2024-11-06T21:49:43.230+01:00 DEBUG 74428 --- [APIGeoWork] [           main] o.s.b.f.s.DefaultListableBeanFactory     : Creating shared instance of singleton bean 'springSecurityHandlerMappingIntrospectorBeanDefinitionRegistryPostProcessor'
2024-11-06T21:49:43.288+01:00 DEBUG 74428 --- [APIGeoWork] [           main] o.s.b.f.s.DefaultListableBeanFactory     : Creating shared instance of singleton bean 'propertySourcesPlaceholderConfigurer'
2024-11-06T21:49:43.291+01:00 DEBUG 74428 --- [APIGeoWork] [           main] o.s.b.f.s.DefaultListableBeanFactory     : Creating shared instance of singleton bean 'org.springframework.boot.test.mock.mockito.MockitoPostProcessor'
2024-11-06T21:49:43.292+01:00 DEBUG 74428 --- [APIGeoWork] [           main] o.s.b.f.s.DefaultListableBeanFactory     : Creating shared instance of singleton bean 'emBeanDefinitionRegistrarPostProcessor'
2024-11-06T21:49:43.292+01:00 DEBUG 74428 --- [APIGeoWork] [           main] o.s.b.f.s.DefaultListableBeanFactory     : Creating shared instance of singleton bean 'org.springframework.boot.sql.init.dependency.DatabaseInitializationDependencyConfigurer$DependsOnDatabaseInitializationPostProcessor'
2024-11-06T21:49:43.335+01:00 DEBUG 74428 --- [APIGeoWork] [           main] o.s.b.f.s.DefaultListableBeanFactory     : Creating shared instance of singleton bean 'org.springframework.context.event.internalEventListenerProcessor'
2024-11-06T21:49:43.336+01:00 DEBUG 74428 --- [APIGeoWork] [           main] o.s.b.f.s.DefaultListableBeanFactory     : Creating shared instance of singleton bean 'preserveErrorControllerTargetClassPostProcessor'
2024-11-06T21:49:43.337+01:00 DEBUG 74428 --- [APIGeoWork] [           main] o.s.b.f.s.DefaultListableBeanFactory     : Creating shared instance of singleton bean 'conversionServicePostProcessor'
2024-11-06T21:49:43.341+01:00 DEBUG 74428 --- [APIGeoWork] [           main] o.s.b.f.s.DefaultListableBeanFactory     : Creating shared instance of singleton bean 'org.springframework.context.event.internalEventListenerFactory'
2024-11-06T21:49:43.341+01:00 DEBUG 74428 --- [APIGeoWork] [           main] o.s.b.f.s.DefaultListableBeanFactory     : Creating shared instance of singleton bean 'org.springframework.transaction.config.internalTransactionalEventListenerFactory'
2024-11-06T21:49:43.344+01:00 DEBUG 74428 --- [APIGeoWork] [           main] o.s.b.f.s.DefaultListableBeanFactory     : Creating shared instance of singleton bean 'org.springframework.boot.test.mock.mockito.MockitoPostProcessor$SpyPostProcessor'
2024-11-06T21:49:43.344+01:00 DEBUG 74428 --- [APIGeoWork] [           main] o.s.b.f.s.DefaultListableBeanFactory     : Creating shared instance of singleton bean 'org.springframework.context.annotation.internalAutowiredAnnotationProcessor'
2024-11-06T21:49:43.345+01:00 DEBUG 74428 --- [APIGeoWork] [           main] o.s.b.f.s.DefaultListableBeanFactory     : Creating shared instance of singleton bean 'org.springframework.context.annotation.internalCommonAnnotationProcessor'
2024-11-06T21:49:43.348+01:00 DEBUG 74428 --- [APIGeoWork] [           main] o.s.b.f.s.DefaultListableBeanFactory     : Creating shared instance of singleton bean 'org.springframework.context.annotation.internalPersistenceAnnotationProcessor'
2024-11-06T21:49:43.348+01:00 DEBUG 74428 --- [APIGeoWork] [           main] o.s.b.f.s.DefaultListableBeanFactory     : Creating shared instance of singleton bean 'org.springframework.boot.context.properties.ConfigurationPropertiesBindingPostProcessor'
2024-11-06T21:49:43.348+01:00 DEBUG 74428 --- [APIGeoWork] [           main] o.s.b.f.s.DefaultListableBeanFactory     : Creating shared instance of singleton bean 'org.springframework.boot.context.internalConfigurationPropertiesBinder'
2024-11-06T21:49:43.350+01:00 DEBUG 74428 --- [APIGeoWork] [           main] o.s.b.f.s.DefaultListableBeanFactory     : Creating shared instance of singleton bean 'jdbcConnectionDetailsHikariBeanPostProcessor'
2024-11-06T21:49:43.353+01:00 DEBUG 74428 --- [APIGeoWork] [           main] o.s.b.f.s.DefaultListableBeanFactory     : Creating shared instance of singleton bean 'org.springframework.aop.config.internalAutoProxyCreator'
2024-11-06T21:49:43.370+01:00 DEBUG 74428 --- [APIGeoWork] [           main] o.s.b.f.s.DefaultListableBeanFactory     : Creating shared instance of singleton bean 'persistenceExceptionTranslationPostProcessor'
2024-11-06T21:49:43.383+01:00 DEBUG 74428 --- [APIGeoWork] [           main] o.s.b.f.s.DefaultListableBeanFactory     : Autowiring by type from bean name 'persistenceExceptionTranslationPostProcessor' via factory method to bean named 'environment'
2024-11-06T21:49:43.387+01:00 DEBUG 74428 --- [APIGeoWork] [           main] o.s.b.f.s.DefaultListableBeanFactory     : Creating shared instance of singleton bean 'webServerFactoryCustomizerBeanPostProcessor'
2024-11-06T21:49:43.388+01:00 DEBUG 74428 --- [APIGeoWork] [           main] o.s.b.f.s.DefaultListableBeanFactory     : Creating shared instance of singleton bean 'errorPageRegistrarBeanPostProcessor'
2024-11-06T21:49:43.388+01:00 DEBUG 74428 --- [APIGeoWork] [           main] o.s.b.f.s.DefaultListableBeanFactory     : Creating shared instance of singleton bean 'projectingArgumentResolverBeanPostProcessor'
2024-11-06T21:49:43.389+01:00 DEBUG 74428 --- [APIGeoWork] [           main] o.s.b.f.s.DefaultListableBeanFactory     : Creating shared instance of singleton bean 'org.springframework.transaction.config.internalTransactionAdvisor'
2024-11-06T21:49:43.390+01:00 DEBUG 74428 --- [APIGeoWork] [           main] o.s.b.f.s.DefaultListableBeanFactory     : Creating shared instance of singleton bean 'org.springframework.transaction.annotation.ProxyTransactionManagementConfiguration'
2024-11-06T21:49:43.398+01:00 DEBUG 74428 --- [APIGeoWork] [           main] o.s.b.f.s.DefaultListableBeanFactory     : Creating shared instance of singleton bean 'transactionAttributeSource'
2024-11-06T21:49:43.399+01:00 DEBUG 74428 --- [APIGeoWork] [           main] o.s.b.f.s.DefaultListableBeanFactory     : Creating shared instance of singleton bean 'transactionInterceptor'
2024-11-06T21:49:43.400+01:00 DEBUG 74428 --- [APIGeoWork] [           main] o.s.b.f.s.DefaultListableBeanFactory     : Autowiring by type from bean name 'transactionInterceptor' via factory method to bean named 'transactionAttributeSource'
2024-11-06T21:49:43.404+01:00 DEBUG 74428 --- [APIGeoWork] [           main] o.s.b.f.s.DefaultListableBeanFactory     : Autowiring by type from bean name 'org.springframework.transaction.config.internalTransactionAdvisor' via factory method to bean named 'transactionAttributeSource'
2024-11-06T21:49:43.405+01:00 DEBUG 74428 --- [APIGeoWork] [           main] o.s.b.f.s.DefaultListableBeanFactory     : Autowiring by type from bean name 'org.springframework.transaction.config.internalTransactionAdvisor' via factory method to bean named 'transactionInterceptor'
2024-11-06T21:49:43.426+01:00 DEBUG 74428 --- [APIGeoWork] [           main] o.s.u.c.s.UiApplicationContextUtils      : Unable to locate ThemeSource with name 'themeSource': using default [org.springframework.ui.context.support.ResourceBundleThemeSource@364fd4ae]
2024-11-06T21:49:43.427+01:00 DEBUG 74428 --- [APIGeoWork] [           main] o.s.b.f.s.DefaultListableBeanFactory     : Creating shared instance of singleton bean 'dataSourceScriptDatabaseInitializer'
2024-11-06T21:49:43.427+01:00 DEBUG 74428 --- [APIGeoWork] [           main] o.s.b.f.s.DefaultListableBeanFactory     : Creating shared instance of singleton bean 'org.springframework.boot.autoconfigure.sql.init.DataSourceInitializationConfiguration'
2024-11-06T21:49:43.428+01:00 DEBUG 74428 --- [APIGeoWork] [           main] o.s.b.f.s.DefaultListableBeanFactory     : Creating shared instance of singleton bean 'dataSource'
2024-11-06T21:49:43.428+01:00 DEBUG 74428 --- [APIGeoWork] [           main] o.s.b.f.s.DefaultListableBeanFactory     : Creating shared instance of singleton bean 'org.springframework.boot.autoconfigure.jdbc.DataSourceConfiguration$Hikari'
2024-11-06T21:49:43.429+01:00 DEBUG 74428 --- [APIGeoWork] [           main] o.s.b.f.s.DefaultListableBeanFactory     : Creating shared instance of singleton bean 'spring.datasource-org.springframework.boot.autoconfigure.jdbc.DataSourceProperties'
2024-11-06T21:49:43.430+01:00 DEBUG 74428 --- [APIGeoWork] [           main] o.s.b.f.s.DefaultListableBeanFactory     : Creating shared instance of singleton bean 'org.springframework.boot.context.properties.BoundConfigurationProperties'
2024-11-06T21:49:43.445+01:00 DEBUG 74428 --- [APIGeoWork] [           main] o.s.b.f.s.DefaultListableBeanFactory     : Creating shared instance of singleton bean 'jdbcConnectionDetails'
2024-11-06T21:49:43.445+01:00 DEBUG 74428 --- [APIGeoWork] [           main] o.s.b.f.s.DefaultListableBeanFactory     : Creating shared instance of singleton bean 'org.springframework.boot.autoconfigure.jdbc.DataSourceAutoConfiguration$PooledDataSourceConfiguration'
2024-11-06T21:49:43.446+01:00 DEBUG 74428 --- [APIGeoWork] [           main] o.s.b.f.s.DefaultListableBeanFactory     : Autowiring by type from bean name 'jdbcConnectionDetails' via factory method to bean named 'spring.datasource-org.springframework.boot.autoconfigure.jdbc.DataSourceProperties'
2024-11-06T21:49:43.447+01:00 DEBUG 74428 --- [APIGeoWork] [           main] o.s.b.f.s.DefaultListableBeanFactory     : Autowiring by type from bean name 'dataSource' via factory method to bean named 'spring.datasource-org.springframework.boot.autoconfigure.jdbc.DataSourceProperties'
2024-11-06T21:49:43.447+01:00 DEBUG 74428 --- [APIGeoWork] [           main] o.s.b.f.s.DefaultListableBeanFactory     : Autowiring by type from bean name 'dataSource' via factory method to bean named 'jdbcConnectionDetails'
2024-11-06T21:49:43.467+01:00 DEBUG 74428 --- [APIGeoWork] [           main] o.s.b.f.s.DefaultListableBeanFactory     : Creating shared instance of singleton bean 'spring.sql.init-org.springframework.boot.autoconfigure.sql.init.SqlInitializationProperties'
2024-11-06T21:49:43.469+01:00 DEBUG 74428 --- [APIGeoWork] [           main] o.s.b.f.s.DefaultListableBeanFactory     : Autowiring by type from bean name 'dataSourceScriptDatabaseInitializer' via factory method to bean named 'dataSource'
2024-11-06T21:49:43.469+01:00 DEBUG 74428 --- [APIGeoWork] [           main] o.s.b.f.s.DefaultListableBeanFactory     : Autowiring by type from bean name 'dataSourceScriptDatabaseInitializer' via factory method to bean named 'spring.sql.init-org.springframework.boot.autoconfigure.sql.init.SqlInitializationProperties'
2024-11-06T21:49:43.475+01:00 DEBUG 74428 --- [APIGeoWork] [           main] o.s.b.f.s.DefaultListableBeanFactory     : Creating shared instance of singleton bean 'entityManagerFactory'
2024-11-06T21:49:43.475+01:00 DEBUG 74428 --- [APIGeoWork] [           main] o.s.b.f.s.DefaultListableBeanFactory     : Creating shared instance of singleton bean 'org.springframework.boot.autoconfigure.orm.jpa.HibernateJpaConfiguration'
2024-11-06T21:49:43.477+01:00 DEBUG 74428 --- [APIGeoWork] [           main] o.s.b.f.s.DefaultListableBeanFactory     : Creating shared instance of singleton bean 'spring.jpa-org.springframework.boot.autoconfigure.orm.jpa.JpaProperties'
2024-11-06T21:49:43.481+01:00 DEBUG 74428 --- [APIGeoWork] [           main] o.s.b.f.s.DefaultListableBeanFactory     : Creating shared instance of singleton bean 'spring.jpa.hibernate-org.springframework.boot.autoconfigure.orm.jpa.HibernateProperties'
2024-11-06T21:49:43.482+01:00 DEBUG 74428 --- [APIGeoWork] [           main] o.s.b.f.s.DefaultListableBeanFactory     : Autowiring by type from bean name 'org.springframework.boot.autoconfigure.orm.jpa.HibernateJpaConfiguration' via constructor to bean named 'dataSource'
2024-11-06T21:49:43.482+01:00 DEBUG 74428 --- [APIGeoWork] [           main] o.s.b.f.s.DefaultListableBeanFactory     : Autowiring by type from bean name 'org.springframework.boot.autoconfigure.orm.jpa.HibernateJpaConfiguration' via constructor to bean named 'spring.jpa-org.springframework.boot.autoconfigure.orm.jpa.JpaProperties'
2024-11-06T21:49:43.482+01:00 DEBUG 74428 --- [APIGeoWork] [           main] o.s.b.f.s.DefaultListableBeanFactory     : Autowiring by type from bean name 'org.springframework.boot.autoconfigure.orm.jpa.HibernateJpaConfiguration' via constructor to bean named 'org.springframework.beans.factory.support.DefaultListableBeanFactory@107e5441'
2024-11-06T21:49:43.482+01:00 DEBUG 74428 --- [APIGeoWork] [           main] o.s.b.f.s.DefaultListableBeanFactory     : Autowiring by type from bean name 'org.springframework.boot.autoconfigure.orm.jpa.HibernateJpaConfiguration' via constructor to bean named 'spring.jpa.hibernate-org.springframework.boot.autoconfigure.orm.jpa.HibernateProperties'
2024-11-06T21:49:43.484+01:00 DEBUG 74428 --- [APIGeoWork] [           main] o.s.b.f.s.DefaultListableBeanFactory     : Creating shared instance of singleton bean 'hikariPoolDataSourceMetadataProvider'
2024-11-06T21:49:43.485+01:00 DEBUG 74428 --- [APIGeoWork] [           main] o.s.b.f.s.DefaultListableBeanFactory     : Creating shared instance of singleton bean 'org.springframework.boot.autoconfigure.jdbc.metadata.DataSourcePoolMetadataProvidersConfiguration$HikariPoolDataSourceMetadataProviderConfiguration'
2024-11-06T21:49:43.490+01:00 DEBUG 74428 --- [APIGeoWork] [           main] o.s.b.f.s.DefaultListableBeanFactory     : Creating shared instance of singleton bean 'entityManagerFactoryBuilder'
2024-11-06T21:49:43.491+01:00 DEBUG 74428 --- [APIGeoWork] [           main] o.s.b.f.s.DefaultListableBeanFactory     : Creating shared instance of singleton bean 'jpaVendorAdapter'
2024-11-06T21:49:43.502+01:00 DEBUG 74428 --- [APIGeoWork] [           main] o.s.b.f.s.DefaultListableBeanFactory     : Autowiring by type from bean name 'entityManagerFactoryBuilder' via factory method to bean named 'jpaVendorAdapter'
2024-11-06T21:49:43.506+01:00 DEBUG 74428 --- [APIGeoWork] [           main] o.s.b.f.s.DefaultListableBeanFactory     : Creating shared instance of singleton bean 'persistenceManagedTypes'
2024-11-06T21:49:43.507+01:00 DEBUG 74428 --- [APIGeoWork] [           main] o.s.b.f.s.DefaultListableBeanFactory     : Autowiring by type from bean name 'persistenceManagedTypes' via factory method to bean named 'org.springframework.beans.factory.support.DefaultListableBeanFactory@107e5441'
2024-11-06T21:49:43.508+01:00 DEBUG 74428 --- [APIGeoWork] [           main] o.s.b.f.s.DefaultListableBeanFactory     : Autowiring by type from bean name 'persistenceManagedTypes' via factory method to bean named 'org.springframework.web.context.support.GenericWebApplicationContext@cc62a3b'
2024-11-06T21:49:43.519+01:00 DEBUG 74428 --- [APIGeoWork] [           main] o.s.b.f.s.DefaultListableBeanFactory     : Autowiring by type from bean name 'entityManagerFactory' via factory method to bean named 'entityManagerFactoryBuilder'
2024-11-06T21:49:43.519+01:00 DEBUG 74428 --- [APIGeoWork] [           main] o.s.b.f.s.DefaultListableBeanFactory     : Autowiring by type from bean name 'entityManagerFactory' via factory method to bean named 'persistenceManagedTypes'
2024-11-06T21:49:43.537+01:00 DEBUG 74428 --- [APIGeoWork] [           main] j.LocalContainerEntityManagerFactoryBean : Building JPA container EntityManagerFactory for persistence unit 'default'
2024-11-06T21:49:43.552+01:00  INFO 74428 --- [APIGeoWork] [           main] o.hibernate.jpa.internal.util.LogHelper  : HHH000204: Processing PersistenceUnitInfo [name: default]
2024-11-06T21:49:43.605+01:00  INFO 74428 --- [APIGeoWork] [           main] org.hibernate.Version                    : HHH000412: Hibernate ORM core version 6.5.3.Final
2024-11-06T21:49:43.629+01:00  INFO 74428 --- [APIGeoWork] [           main] o.h.c.internal.RegionFactoryInitiator    : HHH000026: Second-level cache disabled
2024-11-06T21:49:43.934+01:00  INFO 74428 --- [APIGeoWork] [           main] o.s.o.j.p.SpringPersistenceUnitInfo      : No LoadTimeWeaver setup: ignoring JPA class transformer
2024-11-06T21:49:43.965+01:00  INFO 74428 --- [APIGeoWork] [           main] com.zaxxer.hikari.HikariDataSource       : HikariPool-1 - Starting...
2024-11-06T21:49:45.652+01:00  INFO 74428 --- [APIGeoWork] [           main] com.zaxxer.hikari.pool.HikariPool        : HikariPool-1 - Added connection org.postgresql.jdbc.PgConnection@48ee3c2d
2024-11-06T21:49:45.653+01:00  INFO 74428 --- [APIGeoWork] [           main] com.zaxxer.hikari.HikariDataSource       : HikariPool-1 - Start completed.
2024-11-06T21:49:45.797+01:00  WARN 74428 --- [APIGeoWork] [           main] org.hibernate.orm.deprecation            : HHH90000025: PostgreSQLDialect does not need to be specified explicitly using 'hibernate.dialect' (remove the property setting and it will be selected by default)
2024-11-06T21:49:46.814+01:00  INFO 74428 --- [APIGeoWork] [           main] o.h.e.t.j.p.i.JtaPlatformInitiator       : HHH000489: No JTA platform available (set 'hibernate.transaction.jta.platform' to enable JTA platform integration)
2024-11-06T21:49:58.807+01:00  INFO 74428 --- [APIGeoWork] [           main] j.LocalContainerEntityManagerFactoryBean : Initialized JPA EntityManagerFactory for persistence unit 'default'
2024-11-06T21:49:58.810+01:00 DEBUG 74428 --- [APIGeoWork] [           main] o.s.b.f.s.DefaultListableBeanFactory     : Creating shared instance of singleton bean 'apiGeoWorkApplication'
2024-11-06T21:49:58.810+01:00 DEBUG 74428 --- [APIGeoWork] [           main] o.s.b.f.s.DefaultListableBeanFactory     : Creating shared instance of singleton bean 'configuracionSeguridad'
2024-11-06T21:49:58.812+01:00 DEBUG 74428 --- [APIGeoWork] [           main] o.s.c.e.PropertySourcesPropertyResolver  : Found key 'jwt.secret' in PropertySource 'environmentProperties' with value of type String
2024-11-06T21:49:58.812+01:00 DEBUG 74428 --- [APIGeoWork] [           main] o.s.b.f.s.DefaultListableBeanFactory     : Creating shared instance of singleton bean 'autenticacionController'
2024-11-06T21:49:58.814+01:00 DEBUG 74428 --- [APIGeoWork] [           main] o.s.b.f.s.DefaultListableBeanFactory     : Creating shared instance of singleton bean 'autenticacionService'
2024-11-06T21:49:58.815+01:00 DEBUG 74428 --- [APIGeoWork] [           main] o.s.b.f.s.DefaultListableBeanFactory     : Creating shared instance of singleton bean 'perfilUsuarioRepository'
2024-11-06T21:49:58.821+01:00 DEBUG 74428 --- [APIGeoWork] [           main] o.s.b.f.s.DefaultListableBeanFactory     : Creating shared instance of singleton bean 'jpa.named-queries#15'
2024-11-06T21:49:58.824+01:00 DEBUG 74428 --- [APIGeoWork] [           main] o.s.b.f.s.DefaultListableBeanFactory     : Creating shared instance of singleton bean 'jpa.PerfilUsuarioRepository.fragments#0'
2024-11-06T21:49:58.828+01:00 DEBUG 74428 --- [APIGeoWork] [           main] o.s.b.f.s.DefaultListableBeanFactory     : Creating shared instance of singleton bean 'jpaSharedEM_entityManagerFactory'
2024-11-06T21:49:58.854+01:00 DEBUG 74428 --- [APIGeoWork] [           main] o.s.b.f.s.DefaultListableBeanFactory     : Creating shared instance of singleton bean 'jpaMappingContext'
2024-11-06T21:49:58.855+01:00 DEBUG 74428 --- [APIGeoWork] [           main] .c.JpaMetamodelMappingContextFactoryBean : Initializing JpaMetamodelMappingContext…
2024-11-06T21:49:58.870+01:00 DEBUG 74428 --- [APIGeoWork] [           main] .c.JpaMetamodelMappingContextFactoryBean : Finished initializing JpaMetamodelMappingContext
2024-11-06T21:49:58.897+01:00 DEBUG 74428 --- [APIGeoWork] [           main] tor$SharedEntityManagerInvocationHandler : Creating new EntityManager for shared EntityManager invocation
2024-11-06T21:49:58.935+01:00 DEBUG 74428 --- [APIGeoWork] [           main] tor$SharedEntityManagerInvocationHandler : Creating new EntityManager for shared EntityManager invocation
2024-11-06T21:49:59.037+01:00 DEBUG 74428 --- [APIGeoWork] [           main] o.s.d.r.c.s.RepositoryFactorySupport     : Initializing repository instance for org.albertorado.apigeowork.repositories.PerfilUsuarioRepository…
2024-11-06T21:49:59.051+01:00 DEBUG 74428 --- [APIGeoWork] [           main] tor$SharedEntityManagerInvocationHandler : Creating new EntityManager for shared EntityManager invocation
2024-11-06T21:49:59.101+01:00 DEBUG 74428 --- [APIGeoWork] [           main] o.s.d.jpa.repository.query.NamedQuery    : Looking up named query PerfilUsuario.deleteByIdPerfil
2024-11-06T21:49:59.105+01:00 DEBUG 74428 --- [APIGeoWork] [           main] o.s.d.jpa.repository.query.NamedQuery    : Did not find named query PerfilUsuario.deleteByIdPerfil
2024-11-06T21:49:59.108+01:00 DEBUG 74428 --- [APIGeoWork] [           main] tor$SharedEntityManagerInvocationHandler : Creating new EntityManager for shared EntityManager invocation
2024-11-06T21:49:59.163+01:00 DEBUG 74428 --- [APIGeoWork] [           main] o.s.d.jpa.repository.query.NamedQuery    : Looking up named query PerfilUsuario.findByIdPerfil
2024-11-06T21:49:59.164+01:00 DEBUG 74428 --- [APIGeoWork] [           main] o.s.d.jpa.repository.query.NamedQuery    : Did not find named query PerfilUsuario.findByIdPerfil
2024-11-06T21:49:59.164+01:00 DEBUG 74428 --- [APIGeoWork] [           main] tor$SharedEntityManagerInvocationHandler : Creating new EntityManager for shared EntityManager invocation
2024-11-06T21:49:59.165+01:00 DEBUG 74428 --- [APIGeoWork] [           main] o.s.d.jpa.repository.query.NamedQuery    : Looking up named query PerfilUsuario.findByEmailContainsIgnoreCase
2024-11-06T21:49:59.166+01:00 DEBUG 74428 --- [APIGeoWork] [           main] o.s.d.jpa.repository.query.NamedQuery    : Did not find named query PerfilUsuario.findByEmailContainsIgnoreCase
2024-11-06T21:49:59.166+01:00 DEBUG 74428 --- [APIGeoWork] [           main] tor$SharedEntityManagerInvocationHandler : Creating new EntityManager for shared EntityManager invocation
2024-11-06T21:49:59.171+01:00 DEBUG 74428 --- [APIGeoWork] [           main] o.s.d.jpa.repository.query.NamedQuery    : Looking up named query PerfilUsuario.findPerfilUsuarioByEmailContainsIgnoreCase
2024-11-06T21:49:59.171+01:00 DEBUG 74428 --- [APIGeoWork] [           main] o.s.d.jpa.repository.query.NamedQuery    : Did not find named query PerfilUsuario.findPerfilUsuarioByEmailContainsIgnoreCase
2024-11-06T21:49:59.172+01:00 DEBUG 74428 --- [APIGeoWork] [           main] tor$SharedEntityManagerInvocationHandler : Creating new EntityManager for shared EntityManager invocation
2024-11-06T21:49:59.176+01:00 DEBUG 74428 --- [APIGeoWork] [           main] o.s.d.r.c.s.RepositoryFactorySupport     : Finished creation of repository instance for org.albertorado.apigeowork.repositories.PerfilUsuarioRepository.
2024-11-06T21:49:59.180+01:00 DEBUG 74428 --- [APIGeoWork] [           main] o.s.b.f.s.DefaultListableBeanFactory     : Creating shared instance of singleton bean 'perfilEmpresaRepository'
2024-11-06T21:49:59.182+01:00 DEBUG 74428 --- [APIGeoWork] [           main] o.s.b.f.s.DefaultListableBeanFactory     : Creating shared instance of singleton bean 'jpa.named-queries#16'
2024-11-06T21:49:59.183+01:00 DEBUG 74428 --- [APIGeoWork] [           main] o.s.b.f.s.DefaultListableBeanFactory     : Creating shared instance of singleton bean 'jpa.PerfilEmpresaRepository.fragments#0'
2024-11-06T21:49:59.183+01:00 DEBUG 74428 --- [APIGeoWork] [           main] tor$SharedEntityManagerInvocationHandler : Creating new EntityManager for shared EntityManager invocation
2024-11-06T21:49:59.184+01:00 DEBUG 74428 --- [APIGeoWork] [           main] o.s.d.r.c.s.RepositoryFactorySupport     : Initializing repository instance for org.albertorado.apigeowork.repositories.PerfilEmpresaRepository…
2024-11-06T21:49:59.184+01:00 DEBUG 74428 --- [APIGeoWork] [           main] tor$SharedEntityManagerInvocationHandler : Creating new EntityManager for shared EntityManager invocation
2024-11-06T21:49:59.187+01:00 DEBUG 74428 --- [APIGeoWork] [           main] o.s.d.jpa.repository.query.NamedQuery    : Looking up named query PerfilEmpresa.findByIdUsuario
2024-11-06T21:49:59.187+01:00 DEBUG 74428 --- [APIGeoWork] [           main] o.s.d.jpa.repository.query.NamedQuery    : Did not find named query PerfilEmpresa.findByIdUsuario
2024-11-06T21:49:59.187+01:00 DEBUG 74428 --- [APIGeoWork] [           main] tor$SharedEntityManagerInvocationHandler : Creating new EntityManager for shared EntityManager invocation
2024-11-06T21:49:59.189+01:00 DEBUG 74428 --- [APIGeoWork] [           main] o.s.d.jpa.repository.query.NamedQuery    : Looking up named query PerfilEmpresa.findByEmailContainsIgnoreCase
2024-11-06T21:49:59.189+01:00 DEBUG 74428 --- [APIGeoWork] [           main] o.s.d.jpa.repository.query.NamedQuery    : Did not find named query PerfilEmpresa.findByEmailContainsIgnoreCase
2024-11-06T21:49:59.190+01:00 DEBUG 74428 --- [APIGeoWork] [           main] tor$SharedEntityManagerInvocationHandler : Creating new EntityManager for shared EntityManager invocation
2024-11-06T21:49:59.191+01:00 DEBUG 74428 --- [APIGeoWork] [           main] o.s.d.jpa.repository.query.NamedQuery    : Looking up named query PerfilEmpresa.deletePerfilEmpresaByIdUsuario
2024-11-06T21:49:59.191+01:00 DEBUG 74428 --- [APIGeoWork] [           main] o.s.d.jpa.repository.query.NamedQuery    : Did not find named query PerfilEmpresa.deletePerfilEmpresaByIdUsuario
2024-11-06T21:49:59.192+01:00 DEBUG 74428 --- [APIGeoWork] [           main] tor$SharedEntityManagerInvocationHandler : Creating new EntityManager for shared EntityManager invocation
2024-11-06T21:49:59.193+01:00 DEBUG 74428 --- [APIGeoWork] [           main] o.s.d.jpa.repository.query.NamedQuery    : Looking up named query PerfilEmpresa.findPerfilEmpresaByEmailContainingIgnoreCase
2024-11-06T21:49:59.194+01:00 DEBUG 74428 --- [APIGeoWork] [           main] o.s.d.jpa.repository.query.NamedQuery    : Did not find named query PerfilEmpresa.findPerfilEmpresaByEmailContainingIgnoreCase
2024-11-06T21:49:59.194+01:00 DEBUG 74428 --- [APIGeoWork] [           main] tor$SharedEntityManagerInvocationHandler : Creating new EntityManager for shared EntityManager invocation
2024-11-06T21:49:59.197+01:00 DEBUG 74428 --- [APIGeoWork] [           main] o.s.d.r.c.s.RepositoryFactorySupport     : Finished creation of repository instance for org.albertorado.apigeowork.repositories.PerfilEmpresaRepository.
2024-11-06T21:49:59.198+01:00 DEBUG 74428 --- [APIGeoWork] [           main] o.s.b.f.s.DefaultListableBeanFactory     : Creating shared instance of singleton bean 'passwordEncoder'
2024-11-06T21:49:59.201+01:00 DEBUG 74428 --- [APIGeoWork] [           main] o.s.b.f.s.DefaultListableBeanFactory     : Creating shared instance of singleton bean 'autenticacionRepository'
2024-11-06T21:49:59.202+01:00 DEBUG 74428 --- [APIGeoWork] [           main] o.s.b.f.s.DefaultListableBeanFactory     : Creating shared instance of singleton bean 'jpa.named-queries#19'
2024-11-06T21:49:59.203+01:00 DEBUG 74428 --- [APIGeoWork] [           main] o.s.b.f.s.DefaultListableBeanFactory     : Creating shared instance of singleton bean 'jpa.AutenticacionRepository.fragments#0'
2024-11-06T21:49:59.204+01:00 DEBUG 74428 --- [APIGeoWork] [           main] tor$SharedEntityManagerInvocationHandler : Creating new EntityManager for shared EntityManager invocation
2024-11-06T21:49:59.206+01:00 DEBUG 74428 --- [APIGeoWork] [           main] o.s.d.r.c.s.RepositoryFactorySupport     : Initializing repository instance for org.albertorado.apigeowork.repositories.AutenticacionRepository…
2024-11-06T21:49:59.207+01:00 DEBUG 74428 --- [APIGeoWork] [           main] tor$SharedEntityManagerInvocationHandler : Creating new EntityManager for shared EntityManager invocation
2024-11-06T21:49:59.209+01:00 DEBUG 74428 --- [APIGeoWork] [           main] o.s.d.jpa.repository.query.NamedQuery    : Looking up named query Autenticacion.findByIdUsuarioAndTipoUsuario
2024-11-06T21:49:59.209+01:00 DEBUG 74428 --- [APIGeoWork] [           main] o.s.d.jpa.repository.query.NamedQuery    : Did not find named query Autenticacion.findByIdUsuarioAndTipoUsuario
2024-11-06T21:49:59.209+01:00 DEBUG 74428 --- [APIGeoWork] [           main] tor$SharedEntityManagerInvocationHandler : Creating new EntityManager for shared EntityManager invocation
2024-11-06T21:49:59.212+01:00 DEBUG 74428 --- [APIGeoWork] [           main] o.s.d.jpa.repository.query.NamedQuery    : Looking up named query Autenticacion.findByRefreshToken
2024-11-06T21:49:59.213+01:00 DEBUG 74428 --- [APIGeoWork] [           main] o.s.d.jpa.repository.query.NamedQuery    : Did not find named query Autenticacion.findByRefreshToken
2024-11-06T21:49:59.213+01:00 DEBUG 74428 --- [APIGeoWork] [           main] tor$SharedEntityManagerInvocationHandler : Creating new EntityManager for shared EntityManager invocation
2024-11-06T21:49:59.216+01:00 DEBUG 74428 --- [APIGeoWork] [           main] o.s.d.r.c.s.RepositoryFactorySupport     : Finished creation of repository instance for org.albertorado.apigeowork.repositories.AutenticacionRepository.
2024-11-06T21:49:59.216+01:00 DEBUG 74428 --- [APIGeoWork] [           main] o.s.b.f.s.DefaultListableBeanFactory     : Autowiring by type from bean name 'autenticacionService' via constructor to bean named 'perfilUsuarioRepository'
2024-11-06T21:49:59.216+01:00 DEBUG 74428 --- [APIGeoWork] [           main] o.s.b.f.s.DefaultListableBeanFactory     : Autowiring by type from bean name 'autenticacionService' via constructor to bean named 'perfilEmpresaRepository'
2024-11-06T21:49:59.216+01:00 DEBUG 74428 --- [APIGeoWork] [           main] o.s.b.f.s.DefaultListableBeanFactory     : Autowiring by type from bean name 'autenticacionService' via constructor to bean named 'passwordEncoder'
2024-11-06T21:49:59.216+01:00 DEBUG 74428 --- [APIGeoWork] [           main] o.s.b.f.s.DefaultListableBeanFactory     : Autowiring by type from bean name 'autenticacionService' via constructor to bean named 'autenticacionRepository'
2024-11-06T21:49:59.217+01:00 DEBUG 74428 --- [APIGeoWork] [           main] o.s.c.e.PropertySourcesPropertyResolver  : Found key 'jwt.secret' in PropertySource 'environmentProperties' with value of type String
2024-11-06T21:49:59.239+01:00 DEBUG 74428 --- [APIGeoWork] [           main] o.s.b.f.s.DefaultListableBeanFactory     : Autowiring by type from bean name 'autenticacionController' via constructor to bean named 'autenticacionService'
2024-11-06T21:49:59.240+01:00 DEBUG 74428 --- [APIGeoWork] [           main] o.s.b.f.s.DefaultListableBeanFactory     : Creating shared instance of singleton bean 'ciudadController'
2024-11-06T21:49:59.241+01:00 DEBUG 74428 --- [APIGeoWork] [           main] o.s.b.f.s.DefaultListableBeanFactory     : Creating shared instance of singleton bean 'ciudadService'
2024-11-06T21:49:59.243+01:00 DEBUG 74428 --- [APIGeoWork] [           main] o.s.b.f.s.DefaultListableBeanFactory     : Creating shared instance of singleton bean 'ciudadRepository'
2024-11-06T21:49:59.244+01:00 DEBUG 74428 --- [APIGeoWork] [           main] o.s.b.f.s.DefaultListableBeanFactory     : Creating shared instance of singleton bean 'jpa.named-queries#20'
2024-11-06T21:49:59.245+01:00 DEBUG 74428 --- [APIGeoWork] [           main] o.s.b.f.s.DefaultListableBeanFactory     : Creating shared instance of singleton bean 'jpa.CiudadRepository.fragments#0'
2024-11-06T21:49:59.245+01:00 DEBUG 74428 --- [APIGeoWork] [           main] tor$SharedEntityManagerInvocationHandler : Creating new EntityManager for shared EntityManager invocation
2024-11-06T21:49:59.246+01:00 DEBUG 74428 --- [APIGeoWork] [           main] o.s.d.r.c.s.RepositoryFactorySupport     : Initializing repository instance for org.albertorado.apigeowork.repositories.CiudadRepository…
2024-11-06T21:49:59.246+01:00 DEBUG 74428 --- [APIGeoWork] [           main] tor$SharedEntityManagerInvocationHandler : Creating new EntityManager for shared EntityManager invocation
2024-11-06T21:49:59.247+01:00 DEBUG 74428 --- [APIGeoWork] [           main] o.s.d.jpa.repository.query.NamedQuery    : Looking up named query Ciudad.findByCiudadContainsIgnoreCase
2024-11-06T21:49:59.248+01:00 DEBUG 74428 --- [APIGeoWork] [           main] o.s.d.jpa.repository.query.NamedQuery    : Did not find named query Ciudad.findByCiudadContainsIgnoreCase
2024-11-06T21:49:59.248+01:00 DEBUG 74428 --- [APIGeoWork] [           main] tor$SharedEntityManagerInvocationHandler : Creating new EntityManager for shared EntityManager invocation
2024-11-06T21:49:59.249+01:00 DEBUG 74428 --- [APIGeoWork] [           main] o.s.d.jpa.repository.query.NamedQuery    : Looking up named query Ciudad.findByIdCiudad
2024-11-06T21:49:59.249+01:00 DEBUG 74428 --- [APIGeoWork] [           main] o.s.d.jpa.repository.query.NamedQuery    : Did not find named query Ciudad.findByIdCiudad
2024-11-06T21:49:59.249+01:00 DEBUG 74428 --- [APIGeoWork] [           main] tor$SharedEntityManagerInvocationHandler : Creating new EntityManager for shared EntityManager invocation
2024-11-06T21:49:59.252+01:00 DEBUG 74428 --- [APIGeoWork] [           main] o.s.d.r.c.s.RepositoryFactorySupport     : Finished creation of repository instance for org.albertorado.apigeowork.repositories.CiudadRepository.
2024-11-06T21:49:59.252+01:00 DEBUG 74428 --- [APIGeoWork] [           main] o.s.b.f.s.DefaultListableBeanFactory     : Creating shared instance of singleton bean 'ciudadMapperImpl'
2024-11-06T21:49:59.253+01:00 DEBUG 74428 --- [APIGeoWork] [           main] o.s.b.f.s.DefaultListableBeanFactory     : Creating shared instance of singleton bean 'estadoMapperImpl'
2024-11-06T21:49:59.254+01:00 DEBUG 74428 --- [APIGeoWork] [           main] o.s.b.f.s.DefaultListableBeanFactory     : Creating shared instance of singleton bean 'paisMapperImpl'
2024-11-06T21:49:59.255+01:00 DEBUG 74428 --- [APIGeoWork] [           main] o.s.b.f.s.DefaultListableBeanFactory     : Autowiring by type from bean name 'ciudadService' via constructor to bean named 'ciudadRepository'
2024-11-06T21:49:59.256+01:00 DEBUG 74428 --- [APIGeoWork] [           main] o.s.b.f.s.DefaultListableBeanFactory     : Autowiring by type from bean name 'ciudadService' via constructor to bean named 'ciudadMapperImpl'
2024-11-06T21:49:59.256+01:00 DEBUG 74428 --- [APIGeoWork] [           main] o.s.b.f.s.DefaultListableBeanFactory     : Autowiring by type from bean name 'ciudadController' via constructor to bean named 'ciudadService'
2024-11-06T21:49:59.256+01:00 DEBUG 74428 --- [APIGeoWork] [           main] o.s.b.f.s.DefaultListableBeanFactory     : Autowiring by type from bean name 'ciudadController' via constructor to bean named 'autenticacionService'
2024-11-06T21:49:59.257+01:00 DEBUG 74428 --- [APIGeoWork] [           main] o.s.b.f.s.DefaultListableBeanFactory     : Creating shared instance of singleton bean 'datosController'
2024-11-06T21:49:59.258+01:00 DEBUG 74428 --- [APIGeoWork] [           main] o.s.b.f.s.DefaultListableBeanFactory     : Creating shared instance of singleton bean 'datosService'
2024-11-06T21:49:59.260+01:00 DEBUG 74428 --- [APIGeoWork] [           main] o.s.b.f.s.DefaultListableBeanFactory     : Creating shared instance of singleton bean 'datosRepository'
2024-11-06T21:49:59.261+01:00 DEBUG 74428 --- [APIGeoWork] [           main] o.s.b.f.s.DefaultListableBeanFactory     : Creating shared instance of singleton bean 'jpa.named-queries#1'
2024-11-06T21:49:59.262+01:00 DEBUG 74428 --- [APIGeoWork] [           main] o.s.b.f.s.DefaultListableBeanFactory     : Creating shared instance of singleton bean 'jpa.DatosRepository.fragments#0'
2024-11-06T21:49:59.263+01:00 DEBUG 74428 --- [APIGeoWork] [           main] tor$SharedEntityManagerInvocationHandler : Creating new EntityManager for shared EntityManager invocation
2024-11-06T21:49:59.263+01:00 DEBUG 74428 --- [APIGeoWork] [           main] o.s.d.r.c.s.RepositoryFactorySupport     : Initializing repository instance for org.albertorado.apigeowork.repositories.DatosRepository…
2024-11-06T21:49:59.264+01:00 DEBUG 74428 --- [APIGeoWork] [           main] tor$SharedEntityManagerInvocationHandler : Creating new EntityManager for shared EntityManager invocation
2024-11-06T21:49:59.266+01:00 DEBUG 74428 --- [APIGeoWork] [           main] o.s.d.jpa.repository.query.NamedQuery    : Looking up named query Datos.deleteByIdDatos
2024-11-06T21:49:59.266+01:00 DEBUG 74428 --- [APIGeoWork] [           main] o.s.d.jpa.repository.query.NamedQuery    : Did not find named query Datos.deleteByIdDatos
2024-11-06T21:49:59.267+01:00 DEBUG 74428 --- [APIGeoWork] [           main] tor$SharedEntityManagerInvocationHandler : Creating new EntityManager for shared EntityManager invocation
2024-11-06T21:49:59.268+01:00 DEBUG 74428 --- [APIGeoWork] [           main] o.s.d.jpa.repository.query.NamedQuery    : Looking up named query Datos.findDatosByIdDatos
2024-11-06T21:49:59.268+01:00 DEBUG 74428 --- [APIGeoWork] [           main] o.s.d.jpa.repository.query.NamedQuery    : Did not find named query Datos.findDatosByIdDatos
2024-11-06T21:49:59.268+01:00 DEBUG 74428 --- [APIGeoWork] [           main] tor$SharedEntityManagerInvocationHandler : Creating new EntityManager for shared EntityManager invocation
2024-11-06T21:49:59.270+01:00 DEBUG 74428 --- [APIGeoWork] [           main] o.s.d.jpa.repository.query.NamedQuery    : Looking up named query Datos.findDatosByNombreContainsIgnoreCaseAndApellidosContainsIgnoreCaseAndDireccion_IdDireccion
2024-11-06T21:49:59.270+01:00 DEBUG 74428 --- [APIGeoWork] [           main] o.s.d.jpa.repository.query.NamedQuery    : Did not find named query Datos.findDatosByNombreContainsIgnoreCaseAndApellidosContainsIgnoreCaseAndDireccion_IdDireccion
2024-11-06T21:49:59.270+01:00 DEBUG 74428 --- [APIGeoWork] [           main] tor$SharedEntityManagerInvocationHandler : Creating new EntityManager for shared EntityManager invocation
2024-11-06T21:49:59.279+01:00 DEBUG 74428 --- [APIGeoWork] [           main] o.s.d.r.c.s.RepositoryFactorySupport     : Finished creation of repository instance for org.albertorado.apigeowork.repositories.DatosRepository.
2024-11-06T21:49:59.281+01:00 DEBUG 74428 --- [APIGeoWork] [           main] o.s.b.f.s.DefaultListableBeanFactory     : Creating shared instance of singleton bean 'datosMapperImpl'
2024-11-06T21:49:59.282+01:00 DEBUG 74428 --- [APIGeoWork] [           main] o.s.b.f.s.DefaultListableBeanFactory     : Creating shared instance of singleton bean 'direccionMapperImpl'
2024-11-06T21:49:59.284+01:00 DEBUG 74428 --- [APIGeoWork] [           main] o.s.b.f.s.DefaultListableBeanFactory     : Autowiring by type from bean name 'datosService' via constructor to bean named 'datosRepository'
2024-11-06T21:49:59.284+01:00 DEBUG 74428 --- [APIGeoWork] [           main] o.s.b.f.s.DefaultListableBeanFactory     : Autowiring by type from bean name 'datosService' via constructor to bean named 'datosMapperImpl'
2024-11-06T21:49:59.285+01:00 DEBUG 74428 --- [APIGeoWork] [           main] o.s.b.f.s.DefaultListableBeanFactory     : Autowiring by type from bean name 'datosController' via constructor to bean named 'datosService'
2024-11-06T21:49:59.285+01:00 DEBUG 74428 --- [APIGeoWork] [           main] o.s.b.f.s.DefaultListableBeanFactory     : Autowiring by type from bean name 'datosController' via constructor to bean named 'autenticacionService'
2024-11-06T21:49:59.285+01:00 DEBUG 74428 --- [APIGeoWork] [           main] o.s.b.f.s.DefaultListableBeanFactory     : Creating shared instance of singleton bean 'datosEmpresaController'
2024-11-06T21:49:59.286+01:00 DEBUG 74428 --- [APIGeoWork] [           main] o.s.b.f.s.DefaultListableBeanFactory     : Creating shared instance of singleton bean 'datosEmpresaService'
2024-11-06T21:49:59.287+01:00 DEBUG 74428 --- [APIGeoWork] [           main] o.s.b.f.s.DefaultListableBeanFactory     : Creating shared instance of singleton bean 'datosEmpresaRepository'
2024-11-06T21:49:59.288+01:00 DEBUG 74428 --- [APIGeoWork] [           main] o.s.b.f.s.DefaultListableBeanFactory     : Creating shared instance of singleton bean 'jpa.named-queries#7'
2024-11-06T21:49:59.289+01:00 DEBUG 74428 --- [APIGeoWork] [           main] o.s.b.f.s.DefaultListableBeanFactory     : Creating shared instance of singleton bean 'jpa.DatosEmpresaRepository.fragments#0'
2024-11-06T21:49:59.289+01:00 DEBUG 74428 --- [APIGeoWork] [           main] tor$SharedEntityManagerInvocationHandler : Creating new EntityManager for shared EntityManager invocation
2024-11-06T21:49:59.290+01:00 DEBUG 74428 --- [APIGeoWork] [           main] o.s.d.r.c.s.RepositoryFactorySupport     : Initializing repository instance for org.albertorado.apigeowork.repositories.DatosEmpresaRepository…
2024-11-06T21:49:59.290+01:00 DEBUG 74428 --- [APIGeoWork] [           main] tor$SharedEntityManagerInvocationHandler : Creating new EntityManager for shared EntityManager invocation
2024-11-06T21:49:59.292+01:00 DEBUG 74428 --- [APIGeoWork] [           main] o.s.d.jpa.repository.query.NamedQuery    : Looking up named query DatosEmpresa.findDatosEmpresaByIdDatosEmpresa
2024-11-06T21:49:59.293+01:00 DEBUG 74428 --- [APIGeoWork] [           main] o.s.d.jpa.repository.query.NamedQuery    : Did not find named query DatosEmpresa.findDatosEmpresaByIdDatosEmpresa
2024-11-06T21:49:59.293+01:00 DEBUG 74428 --- [APIGeoWork] [           main] tor$SharedEntityManagerInvocationHandler : Creating new EntityManager for shared EntityManager invocation
2024-11-06T21:49:59.294+01:00 DEBUG 74428 --- [APIGeoWork] [           main] o.s.d.jpa.repository.query.NamedQuery    : Looking up named query DatosEmpresa.deleteByIdDatosEmpresa
2024-11-06T21:49:59.295+01:00 DEBUG 74428 --- [APIGeoWork] [           main] o.s.d.jpa.repository.query.NamedQuery    : Did not find named query DatosEmpresa.deleteByIdDatosEmpresa
2024-11-06T21:49:59.295+01:00 DEBUG 74428 --- [APIGeoWork] [           main] tor$SharedEntityManagerInvocationHandler : Creating new EntityManager for shared EntityManager invocation
2024-11-06T21:49:59.296+01:00 DEBUG 74428 --- [APIGeoWork] [           main] o.s.d.jpa.repository.query.NamedQuery    : Looking up named query DatosEmpresa.findAllBySector_Sector
2024-11-06T21:49:59.296+01:00 DEBUG 74428 --- [APIGeoWork] [           main] o.s.d.jpa.repository.query.NamedQuery    : Did not find named query DatosEmpresa.findAllBySector_Sector
2024-11-06T21:49:59.297+01:00 DEBUG 74428 --- [APIGeoWork] [           main] tor$SharedEntityManagerInvocationHandler : Creating new EntityManager for shared EntityManager invocation
2024-11-06T21:49:59.300+01:00 DEBUG 74428 --- [APIGeoWork] [           main] o.s.d.jpa.repository.query.NamedQuery    : Looking up named query DatosEmpresa.findDatosEmpresaByNombreEmpresaContainsIgnoreCaseAndDireccion_IdDireccion
2024-11-06T21:49:59.300+01:00 DEBUG 74428 --- [APIGeoWork] [           main] o.s.d.jpa.repository.query.NamedQuery    : Did not find named query DatosEmpresa.findDatosEmpresaByNombreEmpresaContainsIgnoreCaseAndDireccion_IdDireccion
2024-11-06T21:49:59.300+01:00 DEBUG 74428 --- [APIGeoWork] [           main] tor$SharedEntityManagerInvocationHandler : Creating new EntityManager for shared EntityManager invocation
2024-11-06T21:49:59.303+01:00 DEBUG 74428 --- [APIGeoWork] [           main] o.s.d.r.c.s.RepositoryFactorySupport     : Finished creation of repository instance for org.albertorado.apigeowork.repositories.DatosEmpresaRepository.
2024-11-06T21:49:59.304+01:00 DEBUG 74428 --- [APIGeoWork] [           main] o.s.b.f.s.DefaultListableBeanFactory     : Creating shared instance of singleton bean 'datosEmpresaMapperImpl'
2024-11-06T21:49:59.305+01:00 DEBUG 74428 --- [APIGeoWork] [           main] o.s.b.f.s.DefaultListableBeanFactory     : Creating shared instance of singleton bean 'sectorMapperImpl'
2024-11-06T21:49:59.306+01:00 DEBUG 74428 --- [APIGeoWork] [           main] o.s.b.f.s.DefaultListableBeanFactory     : Autowiring by type from bean name 'datosEmpresaService' via constructor to bean named 'datosEmpresaRepository'
2024-11-06T21:49:59.306+01:00 DEBUG 74428 --- [APIGeoWork] [           main] o.s.b.f.s.DefaultListableBeanFactory     : Autowiring by type from bean name 'datosEmpresaService' via constructor to bean named 'datosEmpresaMapperImpl'
2024-11-06T21:49:59.306+01:00 DEBUG 74428 --- [APIGeoWork] [           main] o.s.b.f.s.DefaultListableBeanFactory     : Autowiring by type from bean name 'datosEmpresaController' via constructor to bean named 'datosEmpresaService'
2024-11-06T21:49:59.306+01:00 DEBUG 74428 --- [APIGeoWork] [           main] o.s.b.f.s.DefaultListableBeanFactory     : Autowiring by type from bean name 'datosEmpresaController' via constructor to bean named 'autenticacionService'
2024-11-06T21:49:59.306+01:00 DEBUG 74428 --- [APIGeoWork] [           main] o.s.b.f.s.DefaultListableBeanFactory     : Creating shared instance of singleton bean 'descripcionExperienciaController'
2024-11-06T21:49:59.307+01:00 DEBUG 74428 --- [APIGeoWork] [           main] o.s.b.f.s.DefaultListableBeanFactory     : Creating shared instance of singleton bean 'descripcionExperienciaSerice'
2024-11-06T21:49:59.308+01:00 DEBUG 74428 --- [APIGeoWork] [           main] o.s.b.f.s.DefaultListableBeanFactory     : Creating shared instance of singleton bean 'descripcionExperienciaRepository'
2024-11-06T21:49:59.308+01:00 DEBUG 74428 --- [APIGeoWork] [           main] o.s.b.f.s.DefaultListableBeanFactory     : Creating shared instance of singleton bean 'jpa.named-queries#2'
[...]
      Did not match:
         - @ConditionalOnProperty (springdoc.api-docs.resolve-schema-properties) did not find property 'springdoc.api-docs.resolve-schema-properties' (OnPropertyCondition)

   SpringDocConfiguration#propertyCustomizingConverter:
      Did not match:
         - @ConditionalOnBean (types: org.springdoc.core.customizers.PropertyCustomizer; SearchStrategy: all) did not find any beans of type org.springdoc.core.customizers.PropertyCustomizer (OnBeanCondition)

   SpringDocConfiguration#springdocBeanFactoryPostProcessor:
      Did not match:
         - AnyNestedCondition 0 matched 2 did not; NestedCondition on CacheOrGroupedOpenApiCondition.OnCacheDisabled found non-matching nested conditions @ConditionalOnProperty (springdoc.cache.disabled) did not find property 'springdoc.cache.disabled'; NestedCondition on CacheOrGroupedOpenApiCondition.OnMultipleOpenApiSupportCondition AnyNestedCondition 0 matched 2 did not; NestedCondition on MultipleOpenApiSupportCondition.OnActuatorDifferentPort @ConditionalOnProperty (springdoc.show-actuator) did not find property 'springdoc.show-actuator'; NestedCondition on MultipleOpenApiSupportCondition.OnMultipleOpenApiSupportCondition AnyNestedCondition 0 matched 2 did not; NestedCondition on MultipleOpenApiGroupsCondition.OnGroupConfigProperty @ConditionalOnProperty (springdoc.group-configs[0].group) did not find property 'springdoc.group-configs[0].group'; NestedCondition on MultipleOpenApiGroupsCondition.OnGroupedOpenApiBean @ConditionalOnBean (types: org.springdoc.core.models.GroupedOpenApi; SearchStrategy: all) did not find any beans of type org.springdoc.core.models.GroupedOpenApi (CacheOrGroupedOpenApiCondition)
      Matched:
         - @ConditionalOnClass found required class 'org.springframework.boot.context.properties.bind.BindResult' (OnClassCondition)

   SpringDocConfiguration#springdocBeanFactoryPostProcessor2:
      Did not match:
         - @ConditionalOnMissingClass found unwanted class 'org.springframework.boot.context.properties.bind.BindResult' (OnClassCondition)

   SpringDocConfiguration.SpringDocActuatorConfiguration:
      Did not match:
         - @ConditionalOnClass did not find required class 'org.springframework.boot.actuate.autoconfigure.endpoint.web.WebEndpointProperties' (OnClassCondition)

   SpringDocConfiguration.SpringDocRepositoryRestConfiguration:
      Did not match:
         - @ConditionalOnClass did not find required class 'org.springframework.data.rest.core.config.RepositoryRestConfiguration' (OnClassCondition)

   SpringDocConfiguration.SpringDocWebFluxSupportConfiguration:
      Did not match:
         - @ConditionalOnClass did not find required class 'reactor.core.publisher.Flux' (OnClassCondition)

   SpringDocDataRestConfiguration:
      Did not match:
         - @ConditionalOnClass did not find required class 'org.springframework.data.rest.core.config.RepositoryRestConfiguration' (OnClassCondition)

   SpringDocFunctionCatalogConfiguration:
      Did not match:
         - @ConditionalOnClass did not find required class 'org.springframework.cloud.function.web.function.FunctionEndpointInitializer' (OnClassCondition)

   SpringDocGroovyConfiguration:
      Did not match:
         - @ConditionalOnClass did not find required class 'groovy.lang.MetaClass' (OnClassCondition)

   SpringDocHateoasConfiguration:
      Did not match:
         - @ConditionalOnClass did not find required class 'org.springframework.hateoas.server.LinkRelationProvider' (OnClassCondition)

   SpringDocJacksonKotlinModuleConfiguration:
      Did not match:
         - @ConditionalOnClass did not find required class 'com.fasterxml.jackson.module.kotlin.KotlinModule' (OnClassCondition)

   SpringDocJavadocConfiguration:
      Did not match:
         - @ConditionalOnClass did not find required class 'com.github.therapi.runtimejavadoc.CommentFormatter' (OnClassCondition)

   SpringDocKotlinConfiguration:
      Did not match:
         - @ConditionalOnClass did not find required class 'kotlin.coroutines.Continuation' (OnClassCondition)

   SpringDocKotlinxConfiguration:
      Did not match:
         - @ConditionalOnClass did not find required class 'kotlinx.coroutines.flow.Flow' (OnClassCondition)

   SpringDocSecurityConfiguration.SpringDocSecurityOAuth2Configuration#springDocSecurityOAuth2Customizer:
      Did not match:
         - @ConditionalOnProperty (springdoc.show-oauth2-endpoints) did not find property 'springdoc.show-oauth2-endpoints' (OnPropertyCondition)

   SpringDocSecurityConfiguration.SpringSecurityLoginEndpointConfiguration#springSecurityLoginEndpointCustomiser:
      Did not match:
         - @ConditionalOnProperty (springdoc.show-login-endpoint) did not find property 'springdoc.show-login-endpoint' (OnPropertyCondition)

   SpringDocSortConfiguration#delegatingMethodParameterCustomizer:
      Did not match:
         - @ConditionalOnMissingBean (types: org.springdoc.core.customizers.DelegatingMethodParameterCustomizer; SearchStrategy: all) found beans of type 'org.springdoc.core.customizers.DelegatingMethodParameterCustomizer' delegatingMethodParameterCustomizer (OnBeanCondition)

   SpringDocWebMvcConfiguration.SpringDocWebMvcActuatorConfiguration:
      Did not match:
         - @ConditionalOnClass did not find required class 'org.springframework.boot.actuate.endpoint.web.servlet.WebMvcEndpointHandlerMapping' (OnClassCondition)

   SwaggerConfig#springWebProvider:
      Did not match:
         - @ConditionalOnMissingBean (types: org.springdoc.core.providers.SpringWebProvider; SearchStrategy: all) found beans of type 'org.springdoc.core.providers.SpringWebProvider' springWebProvider (OnBeanCondition)

   SwaggerConfig#swaggerUiConfigParameters:
      Did not match:
         - @ConditionalOnMissingBean (types: org.springdoc.core.properties.SwaggerUiConfigParameters; SearchStrategy: all) found beans of type 'org.springdoc.core.properties.SwaggerUiConfigParameters' org.springdoc.core.properties.SwaggerUiConfigParameters (OnBeanCondition)

   SwaggerConfig#swaggerUiHome:
      Did not match:
         - @ConditionalOnProperty (springdoc.swagger-ui.use-root-path=true) did not find property 'springdoc.swagger-ui.use-root-path' (OnPropertyCondition)

   SwaggerConfig.SwaggerActuatorWelcomeConfiguration:
      Did not match:
         - @ConditionalOnClass did not find required class 'org.springframework.boot.actuate.endpoint.web.servlet.WebMvcEndpointHandlerMapping' (OnClassCondition)

   TaskExecutorConfigurations.SimpleAsyncTaskExecutorBuilderConfiguration#simpleAsyncTaskExecutorBuilderVirtualThreads:
      Did not match:
         - @ConditionalOnMissingBean (types: org.springframework.boot.task.SimpleAsyncTaskExecutorBuilder; SearchStrategy: all) found beans of type 'org.springframework.boot.task.SimpleAsyncTaskExecutorBuilder' simpleAsyncTaskExecutorBuilder (OnBeanCondition)

   TaskExecutorConfigurations.TaskExecutorConfiguration#applicationTaskExecutorVirtualThreads:
      Did not match:
         - @ConditionalOnThreading did not find VIRTUAL (OnThreadingCondition)

   TaskSchedulingAutoConfiguration#scheduledBeanLazyInitializationExcludeFilter:
      Did not match:
         - @ConditionalOnBean (names: org.springframework.context.annotation.internalScheduledAnnotationProcessor; SearchStrategy: all) did not find any beans named org.springframework.context.annotation.internalScheduledAnnotationProcessor (OnBeanCondition)

   TaskSchedulingConfigurations.SimpleAsyncTaskSchedulerBuilderConfiguration#simpleAsyncTaskSchedulerBuilderVirtualThreads:
      Did not match:
         - @ConditionalOnMissingBean (types: org.springframework.boot.task.SimpleAsyncTaskSchedulerBuilder; SearchStrategy: all) found beans of type 'org.springframework.boot.task.SimpleAsyncTaskSchedulerBuilder' simpleAsyncTaskSchedulerBuilder (OnBeanCondition)

   TaskSchedulingConfigurations.TaskSchedulerConfiguration:
      Did not match:
         - @ConditionalOnBean (names: org.springframework.context.annotation.internalScheduledAnnotationProcessor; SearchStrategy: all) did not find any beans named org.springframework.context.annotation.internalScheduledAnnotationProcessor (OnBeanCondition)

   ThymeleafAutoConfiguration:
      Did not match:
         - @ConditionalOnClass did not find required class 'org.thymeleaf.spring6.SpringTemplateEngine' (OnClassCondition)

   TransactionAutoConfiguration#transactionalOperator:
      Did not match:
         - @ConditionalOnSingleCandidate (types: org.springframework.transaction.ReactiveTransactionManager; SearchStrategy: all) did not find any beans (OnBeanCondition)

   TransactionAutoConfiguration.AspectJTransactionManagementConfiguration:
      Did not match:
         - @ConditionalOnBean (types: org.springframework.transaction.aspectj.AbstractTransactionAspect; SearchStrategy: all) did not find any beans of type org.springframework.transaction.aspectj.AbstractTransactionAspect (OnBeanCondition)

   TransactionAutoConfiguration.EnableTransactionManagementConfiguration.JdkDynamicAutoProxyConfiguration:
      Did not match:
         - @ConditionalOnProperty (spring.aop.proxy-target-class=false) did not find property 'proxy-target-class' (OnPropertyCondition)

   UserDetailsServiceAutoConfiguration:
      Did not match:
         - AnyNestedCondition 0 matched 3 did not; NestedCondition on UserDetailsServiceAutoConfiguration.MissingAlternativeOrUserPropertiesConfigured.PasswordConfigured @ConditionalOnProperty (spring.security.user.password) did not find property 'password'; NestedCondition on UserDetailsServiceAutoConfiguration.MissingAlternativeOrUserPropertiesConfigured.NameConfigured @ConditionalOnProperty (spring.security.user.name) did not find property 'name'; NestedCondition on UserDetailsServiceAutoConfiguration.MissingAlternativeOrUserPropertiesConfigured.MissingAlternative @ConditionalOnMissingClass found unwanted class 'org.springframework.security.oauth2.server.resource.introspection.OpaqueTokenIntrospector' (UserDetailsServiceAutoConfiguration.MissingAlternativeOrUserPropertiesConfigured)
      Matched:
         - @ConditionalOnClass found required class 'org.springframework.security.authentication.AuthenticationManager' (OnClassCondition)

   ValidationAutoConfiguration:
      Did not match:
         - @ConditionalOnResource did not find resource 'classpath:META-INF/services/jakarta.validation.spi.ValidationProvider' (OnResourceCondition)
      Matched:
         - @ConditionalOnClass found required class 'jakarta.validation.executable.ExecutableValidator' (OnClassCondition)

   WebClientAutoConfiguration:
      Did not match:
         - @ConditionalOnClass did not find required class 'org.springframework.web.reactive.function.client.WebClient' (OnClassCondition)

   WebFluxAutoConfiguration:
      Did not match:
         - @ConditionalOnClass did not find required class 'org.springframework.web.reactive.config.WebFluxConfigurer' (OnClassCondition)

   WebMvcAutoConfiguration#hiddenHttpMethodFilter:
      Did not match:
         - @ConditionalOnProperty (spring.mvc.hiddenmethod.filter.enabled) did not find property 'enabled' (OnPropertyCondition)

   WebMvcAutoConfiguration.ProblemDetailsErrorHandlingConfiguration:
      Did not match:
         - @ConditionalOnProperty (spring.mvc.problemdetails.enabled=true) did not find property 'enabled' (OnPropertyCondition)

   WebMvcAutoConfiguration.ResourceChainCustomizerConfiguration:
      Did not match:
         - @ConditionalOnEnabledResourceChain did not find class org.webjars.WebJarAssetLocator (OnEnabledResourceChainCondition)

   WebMvcAutoConfiguration.WebMvcAutoConfigurationAdapter#beanNameViewResolver:
      Did not match:
         - @ConditionalOnMissingBean (types: org.springframework.web.servlet.view.BeanNameViewResolver; SearchStrategy: all) found beans of type 'org.springframework.web.servlet.view.BeanNameViewResolver' beanNameViewResolver (OnBeanCondition)

   WebServiceTemplateAutoConfiguration:
      Did not match:
         - @ConditionalOnClass did not find required class 'org.springframework.oxm.Marshaller' (OnClassCondition)

   WebServicesAutoConfiguration:
      Did not match:
         - @ConditionalOnClass did not find required class 'org.springframework.ws.transport.http.MessageDispatcherServlet' (OnClassCondition)

   WebSessionIdResolverAutoConfiguration:
      Did not match:
         - @ConditionalOnClass did not find required class 'reactor.core.publisher.Mono' (OnClassCondition)

   WebSocketMessagingAutoConfiguration:
      Did not match:
         - @ConditionalOnClass did not find required class 'org.springframework.web.socket.config.annotation.WebSocketMessageBrokerConfigurer' (OnClassCondition)

   WebSocketReactiveAutoConfiguration:
      Did not match:
         - @ConditionalOnWebApplication did not find reactive web application classes (OnWebApplicationCondition)

   WebSocketServletAutoConfiguration.JettyWebSocketConfiguration:
      Did not match:
         - @ConditionalOnClass did not find required class 'org.eclipse.jetty.ee10.websocket.jakarta.server.config.JakartaWebSocketServletContainerInitializer' (OnClassCondition)

   WebSocketServletAutoConfiguration.UndertowWebSocketConfiguration:
      Did not match:
         - @ConditionalOnClass did not find required class 'io.undertow.websockets.jsr.Bootstrap' (OnClassCondition)

   XADataSourceAutoConfiguration:
      Did not match:
         - @ConditionalOnBean (types: org.springframework.boot.jdbc.XADataSourceWrapper; SearchStrategy: all) did not find any beans of type org.springframework.boot.jdbc.XADataSourceWrapper (OnBeanCondition)
      Matched:
         - @ConditionalOnClass found required classes 'javax.sql.DataSource', 'jakarta.transaction.TransactionManager', 'org.springframework.jdbc.datasource.embedded.EmbeddedDatabaseType' (OnClassCondition)


Exclusions:
-----------

    None


Unconditional classes:
----------------------

    org.springframework.boot.autoconfigure.context.ConfigurationPropertiesAutoConfiguration

    org.springframework.boot.autoconfigure.ssl.SslAutoConfiguration

    org.springframework.boot.autoconfigure.context.PropertyPlaceholderAutoConfiguration

    org.springframework.boot.autoconfigure.context.LifecycleAutoConfiguration

    org.springframework.boot.autoconfigure.availability.ApplicationAvailabilityAutoConfiguration

    org.springframework.boot.autoconfigure.info.ProjectInfoAutoConfiguration



2024-11-06T21:50:00.648+01:00  INFO 74428 --- [APIGeoWork] [           main] o.a.a.ApiGeoWorkApplicationTests         : Started ApiGeoWorkApplicationTests in 19.19 seconds (process running for 19.803)
2024-11-06T21:50:00.649+01:00 DEBUG 74428 --- [APIGeoWork] [           main] o.s.b.a.ApplicationAvailabilityBean      : Application availability state LivenessState changed to CORRECT
2024-11-06T21:50:00.651+01:00 DEBUG 74428 --- [APIGeoWork] [           main] o.s.b.a.ApplicationAvailabilityBean      : Application availability state ReadinessState changed to ACCEPTING_TRAFFIC
2024-11-06T21:50:00.652+01:00 DEBUG 74428 --- [APIGeoWork] [           main] org.springframework.test.context.cache   : Spring test ApplicationContext cache statistics: [DefaultContextCache@b24e21f size = 1, maxSize = 32, parentContextCount = 0, hitCount = 0, missCount = 1, failureCount = 0]
2024-11-06T21:50:00.652+01:00 DEBUG 74428 --- [APIGeoWork] [           main] o.s.t.c.w.ServletTestExecutionListener   : Setting up MockHttpServletRequest, MockHttpServletResponse, ServletWebRequest, and RequestContextHolder for test class org.albertorado.apigeowork.ApiGeoWorkApplicationTests
2024-11-06T21:50:00.659+01:00 DEBUG 74428 --- [APIGeoWork] [           main] DependencyInjectionTestExecutionListener : Performing dependency injection for test class org.albertorado.apigeowork.ApiGeoWorkApplicationTests
2024-11-06T21:50:00.659+01:00 DEBUG 74428 --- [APIGeoWork] [           main] org.springframework.test.context.cache   : Spring test ApplicationContext cache statistics: [DefaultContextCache@b24e21f size = 1, maxSize = 32, parentContextCount = 0, hitCount = 1, missCount = 1, failureCount = 0]
2024-11-06T21:50:00.659+01:00 DEBUG 74428 --- [APIGeoWork] [           main] org.springframework.test.context.cache   : Spring test ApplicationContext cache statistics: [DefaultContextCache@b24e21f size = 1, maxSize = 32, parentContextCount = 0, hitCount = 2, missCount = 1, failureCount = 0]
2024-11-06T21:50:00.662+01:00 DEBUG 74428 --- [APIGeoWork] [           main] sContextBeforeModesTestExecutionListener : Before test method: class [ApiGeoWorkApplicationTests], method [contextLoads], class annotated with @DirtiesContext [false] with mode [null], method annotated with @DirtiesContext [false] with mode [null]
2024-11-06T21:50:00.663+01:00 DEBUG 74428 --- [APIGeoWork] [           main] org.springframework.test.context.cache   : Spring test ApplicationContext cache statistics: [DefaultContextCache@b24e21f size = 1, maxSize = 32, parentContextCount = 0, hitCount = 3, missCount = 1, failureCount = 0]
2024-11-06T21:50:00.663+01:00 DEBUG 74428 --- [APIGeoWork] [           main] org.springframework.test.context.cache   : Spring test ApplicationContext cache statistics: [DefaultContextCache@b24e21f size = 1, maxSize = 32, parentContextCount = 0, hitCount = 4, missCount = 1, failureCount = 0]
2024-11-06T21:50:00.959+01:00 DEBUG 74428 --- [APIGeoWork] [           main] org.springframework.test.context.cache   : Spring test ApplicationContext cache statistics: [DefaultContextCache@b24e21f size = 1, maxSize = 32, parentContextCount = 0, hitCount = 5, missCount = 1, failureCount = 0]
2024-11-06T21:50:00.962+01:00 DEBUG 74428 --- [APIGeoWork] [           main] org.springframework.test.context.cache   : Spring test ApplicationContext cache statistics: [DefaultContextCache@b24e21f size = 1, maxSize = 32, parentContextCount = 0, hitCount = 6, missCount = 1, failureCount = 0]
2024-11-06T21:50:00.962+01:00 DEBUG 74428 --- [APIGeoWork] [           main] org.springframework.test.context.cache   : Spring test ApplicationContext cache statistics: [DefaultContextCache@b24e21f size = 1, maxSize = 32, parentContextCount = 0, hitCount = 7, missCount = 1, failureCount = 0]
2024-11-06T21:50:00.962+01:00 DEBUG 74428 --- [APIGeoWork] [           main] org.springframework.test.context.cache   : Spring test ApplicationContext cache statistics: [DefaultContextCache@b24e21f size = 1, maxSize = 32, parentContextCount = 0, hitCount = 8, missCount = 1, failureCount = 0]
2024-11-06T21:50:00.963+01:00 DEBUG 74428 --- [APIGeoWork] [           main] org.springframework.test.context.cache   : Spring test ApplicationContext cache statistics: [DefaultContextCache@b24e21f size = 1, maxSize = 32, parentContextCount = 0, hitCount = 9, missCount = 1, failureCount = 0]
2024-11-06T21:50:00.964+01:00 DEBUG 74428 --- [APIGeoWork] [           main] org.springframework.test.context.cache   : Spring test ApplicationContext cache statistics: [DefaultContextCache@b24e21f size = 1, maxSize = 32, parentContextCount = 0, hitCount = 10, missCount = 1, failureCount = 0]
2024-11-06T21:50:00.966+01:00 DEBUG 74428 --- [APIGeoWork] [           main] org.springframework.test.context.cache   : Spring test ApplicationContext cache statistics: [DefaultContextCache@b24e21f size = 1, maxSize = 32, parentContextCount = 0, hitCount = 11, missCount = 1, failureCount = 0]
2024-11-06T21:50:00.966+01:00 DEBUG 74428 --- [APIGeoWork] [           main] .c.s.DirtiesContextTestExecutionListener : After test method: class [ApiGeoWorkApplicationTests], method [contextLoads], class annotated with @DirtiesContext [false] with mode [null], method annotated with @DirtiesContext [false] with mode [null]
2024-11-06T21:50:00.966+01:00 DEBUG 74428 --- [APIGeoWork] [           main] o.s.t.c.w.ServletTestExecutionListener   : Resetting RequestContextHolder for test class org.albertorado.apigeowork.ApiGeoWorkApplicationTests
]]></system-out>
  </testcase>
</testsuite>